<?xml version="1.0" encoding="UTF-8"?>
<!-- Generated by org.testng.reporters.JUnitXMLReporter -->
<testsuite ignored="0" hostname="SJIGOA18" failures="1" tests="1" name="Surefire test" time="8.479" errors="0" timestamp="2025-11-19T16:58:44 IST">
  <testcase classname="io.cucumber.testng.AbstractTestNGCucumberTests" name="runScenario" time="7.751">
    <failure type="java.lang.AssertionError" message="Not all expected rate/price options are present in the dropdown expected [true] but found [false]">
      <![CDATA[java.lang.AssertionError: Not all expected rate/price options are present in the dropdown expected [true] but found [false]
at stepdefinitions.QuickPricerSteps.the_respective_rate_and_price_options_should_be_displayed(QuickPricerSteps.java:111)
at ✽.the respective rate and price options should be displayed for "NON-QM Expanded Doc"(file:///C:/Users/SJI-GOA-18/Documents/Automation/QuickPricerBDD/src/test/java/features/QuickPricer.feature:8)
... Removed 3 stack frames]]>
    </failure>
  </testcase> <!-- runScenario -->
</testsuite> <!-- Surefire test -->
