<?xml version="1.0" encoding="UTF-8"?>
<testsuite xmlns:xsi="http://www.w3.org/2001/XMLSchema-instance" xsi:noNamespaceSchemaLocation="https://maven.apache.org/surefire/maven-surefire-plugin/xsd/surefire-test-report-3.0.xsd" version="3.0" name="testrunners.TestRunner" time="371.739" tests="36" errors="0" skipped="0" failures="1">
  <properties>
[...]
</properties>
  <testcase name="runScenario[&quot;Verify LLPA adjustment for Doc Type and LTV (NON-QM Expanded Doc)&quot;, &quot;FICO/LTV Loan Level Price Adjustments (LLPA) : NON-QM Expanded Doc&quot;](1)" classname="testrunners.TestRunner" time="13.253">
    <system-out><![CDATA[
Scenario Outline: Verify LLPA adjustment for Doc Type and LTV (NON-QM Expanded Doc) # src/test/java/features/LLPAAdjustments.feature:194
  Given I am on the Quick Pricer page                                               # stepdefinitions.QuickPricerSteps.i_am_on_the_quick_pricer_page()
  Then I wait for 1 seconds                                                         # stepdefinitions.LLPASteps.I_wait_for_seconds(java.lang.Integer)
  When I select the program "NON-QM Expanded Doc"                                   # stepdefinitions.QuickPricerSteps.i_select_the_program(java.lang.String)
  Then I wait for 1 seconds                                                         # stepdefinitions.LLPASteps.I_wait_for_seconds(java.lang.Integer)
[DEBUG] Dropdown id: incomeDocType, current value: '24 mo BS', required: '24 mo BS'
[DEBUG] Value already set to '24 mo BS', skipping selection.
  Then I select the Income Doc Type "24 mo BS"                                      # stepdefinitions.LLPASteps.i_select_income_doc_type(java.lang.String)
[DEBUG] Dropdown id: loanTerm, current value: '30 Years', required: '30 Years'
[DEBUG] Value already set to '30 Years', skipping selection.
  Then I select the Loan Term "30 Years"                                            # stepdefinitions.LLPASteps.i_select_loan_term(java.lang.String)
[DEBUG] Dropdown id: loanPurpose, current value: 'Refinance Cash Out', required: 'Refinance Cash Out'
[DEBUG] Value already set to 'Refinance Cash Out', skipping selection.
  Then I select the Purpose "Refinance Cash Out"                                    # stepdefinitions.LLPASteps.i_select_purpose(java.lang.String)
[DEBUG] Dropdown id: state, current value: 'California (CA)', required: 'California (CA)'
[DEBUG] Value already set to 'California (CA)', skipping selection.
  Then I select the State "California (CA)"                                         # stepdefinitions.LLPASteps.i_select_state(java.lang.String)
[DEBUG] Dropdown id: citizenship, current value: 'US Citizen', required: 'US Citizen'
[DEBUG] Value already set to 'US Citizen', skipping selection.
  Then I select the Citizenship "US Citizen"                                        # stepdefinitions.LLPASteps.i_select_citizenship(java.lang.String)
[DEBUG] Dropdown id: propertyType, current value: 'Condo', required: 'Condo'
[DEBUG] Value already set to 'Condo', skipping selection.
  Then I select the Property Type "Condo"                                           # stepdefinitions.LLPASteps.i_select_property_type(java.lang.String)
[DEBUG] Dropdown id: numberOfProperties, current value: '1', required: '1'
[DEBUG] Value already set to '1', skipping selection.
  Then I select the # of Properties "1"                                             # stepdefinitions.LLPASteps.i_select_number_of_properties(java.lang.String)
[DEBUG] Dropdown id: numberOfUnits, current value: '1', required: '1'
[DEBUG] Value already set to '1', skipping selection.
  Then I select the # of Units "1"                                                  # stepdefinitions.LLPASteps.i_select_number_of_units(java.lang.String)
  When I set LTV to "45"                                                            # stepdefinitions.LLPASteps.i_set_ltv_to(java.lang.String)
  Then I wait for 1 seconds                                                         # stepdefinitions.LLPASteps.I_wait_for_seconds(java.lang.Integer)
  Then the LLPA adjustment should have "24 mo BS" "" "0.250"                        # stepdefinitions.LLPASteps.the_llpa_adjustment_should_have(java.lang.String,java.lang.String,java.lang.String)
]]></system-out>
    <system-err><![CDATA[SLF4J: Failed to load class "org.slf4j.impl.StaticLoggerBinder".
SLF4J: Defaulting to no-operation (NOP) logger implementation
SLF4J: See http://www.slf4j.org/codes.html#StaticLoggerBinder for further details.
Nov 28, 2025 8:11:44 PM org.openqa.selenium.devtools.CdpVersionFinder findNearestMatch
WARNING: Unable to find CDP implementation matching 142
Nov 28, 2025 8:11:44 PM org.openqa.selenium.chromium.ChromiumDriver lambda$new$5
WARNING: Unable to find version of CDP to use for 142.0.7444.176. You may need to include a dependency on a specific version of the CDP using something similar to `org.seleniumhq.selenium:selenium-devtools-v86:4.19.1` where the version ("v86") matches the version of the chromium-based browser you're using and the version number of the artifact is the same as Selenium's.
]]></system-err>
  </testcase>
  <testcase name="runScenario[&quot;Verify LLPA adjustment for Doc Type and LTV (NON-QM Expanded Doc)&quot;, &quot;FICO/LTV Loan Level Price Adjustments (LLPA) : NON-QM Expanded Doc&quot;](2)" classname="testrunners.TestRunner" time="10.833">
    <system-out><![CDATA[
Scenario Outline: Verify LLPA adjustment for Doc Type and LTV (NON-QM Expanded Doc) # src/test/java/features/LLPAAdjustments.feature:195
  Given I am on the Quick Pricer page                                               # stepdefinitions.QuickPricerSteps.i_am_on_the_quick_pricer_page()
  Then I wait for 1 seconds                                                         # stepdefinitions.LLPASteps.I_wait_for_seconds(java.lang.Integer)
  When I select the program "NON-QM Expanded Doc"                                   # stepdefinitions.QuickPricerSteps.i_select_the_program(java.lang.String)
  Then I wait for 1 seconds                                                         # stepdefinitions.LLPASteps.I_wait_for_seconds(java.lang.Integer)
[DEBUG] Dropdown id: incomeDocType, current value: '24 mo BS', required: '24 mo BS'
[DEBUG] Value already set to '24 mo BS', skipping selection.
  Then I select the Income Doc Type "24 mo BS"                                      # stepdefinitions.LLPASteps.i_select_income_doc_type(java.lang.String)
[DEBUG] Dropdown id: loanTerm, current value: '30 Years', required: '30 Years'
[DEBUG] Value already set to '30 Years', skipping selection.
  Then I select the Loan Term "30 Years"                                            # stepdefinitions.LLPASteps.i_select_loan_term(java.lang.String)
[DEBUG] Dropdown id: loanPurpose, current value: 'Refinance Cash Out', required: 'Refinance Cash Out'
[DEBUG] Value already set to 'Refinance Cash Out', skipping selection.
  Then I select the Purpose "Refinance Cash Out"                                    # stepdefinitions.LLPASteps.i_select_purpose(java.lang.String)
[DEBUG] Dropdown id: state, current value: 'California (CA)', required: 'California (CA)'
[DEBUG] Value already set to 'California (CA)', skipping selection.
  Then I select the State "California (CA)"                                         # stepdefinitions.LLPASteps.i_select_state(java.lang.String)
[DEBUG] Dropdown id: citizenship, current value: 'US Citizen', required: 'US Citizen'
[DEBUG] Value already set to 'US Citizen', skipping selection.
  Then I select the Citizenship "US Citizen"                                        # stepdefinitions.LLPASteps.i_select_citizenship(java.lang.String)
[DEBUG] Dropdown id: propertyType, current value: 'Condo', required: 'Condo'
[DEBUG] Value already set to 'Condo', skipping selection.
  Then I select the Property Type "Condo"                                           # stepdefinitions.LLPASteps.i_select_property_type(java.lang.String)
[DEBUG] Dropdown id: numberOfProperties, current value: '1', required: '1'
[DEBUG] Value already set to '1', skipping selection.
  Then I select the # of Properties "1"                                             # stepdefinitions.LLPASteps.i_select_number_of_properties(java.lang.String)
[DEBUG] Dropdown id: numberOfUnits, current value: '1', required: '1'
[DEBUG] Value already set to '1', skipping selection.
  Then I select the # of Units "1"                                                  # stepdefinitions.LLPASteps.i_select_number_of_units(java.lang.String)
  When I set LTV to "52"                                                            # stepdefinitions.LLPASteps.i_set_ltv_to(java.lang.String)
  Then I wait for 1 seconds                                                         # stepdefinitions.LLPASteps.I_wait_for_seconds(java.lang.Integer)
  Then the LLPA adjustment should have "24 mo BS" "" "0.250"                        # stepdefinitions.LLPASteps.the_llpa_adjustment_should_have(java.lang.String,java.lang.String,java.lang.String)
]]></system-out>
    <system-err><![CDATA[Nov 28, 2025 8:11:56 PM org.openqa.selenium.devtools.CdpVersionFinder findNearestMatch
WARNING: Unable to find CDP implementation matching 142
Nov 28, 2025 8:11:56 PM org.openqa.selenium.chromium.ChromiumDriver lambda$new$5
WARNING: Unable to find version of CDP to use for 142.0.7444.176. You may need to include a dependency on a specific version of the CDP using something similar to `org.seleniumhq.selenium:selenium-devtools-v86:4.19.1` where the version ("v86") matches the version of the chromium-based browser you're using and the version number of the artifact is the same as Selenium's.
]]></system-err>
  </testcase>
  <testcase name="runScenario[&quot;Verify LLPA adjustment for Doc Type and LTV (NON-QM Expanded Doc)&quot;, &quot;FICO/LTV Loan Level Price Adjustments (LLPA) : NON-QM Expanded Doc&quot;](3)" classname="testrunners.TestRunner" time="8.867">
    <system-out><![CDATA[
Scenario Outline: Verify LLPA adjustment for Doc Type and LTV (NON-QM Expanded Doc) # src/test/java/features/LLPAAdjustments.feature:196
  Given I am on the Quick Pricer page                                               # stepdefinitions.QuickPricerSteps.i_am_on_the_quick_pricer_page()
  Then I wait for 1 seconds                                                         # stepdefinitions.LLPASteps.I_wait_for_seconds(java.lang.Integer)
  When I select the program "NON-QM Expanded Doc"                                   # stepdefinitions.QuickPricerSteps.i_select_the_program(java.lang.String)
  Then I wait for 1 seconds                                                         # stepdefinitions.LLPASteps.I_wait_for_seconds(java.lang.Integer)
[DEBUG] Dropdown id: incomeDocType, current value: '24 mo BS', required: '24 mo BS'
[DEBUG] Value already set to '24 mo BS', skipping selection.
  Then I select the Income Doc Type "24 mo BS"                                      # stepdefinitions.LLPASteps.i_select_income_doc_type(java.lang.String)
[DEBUG] Dropdown id: loanTerm, current value: '30 Years', required: '30 Years'
[DEBUG] Value already set to '30 Years', skipping selection.
  Then I select the Loan Term "30 Years"                                            # stepdefinitions.LLPASteps.i_select_loan_term(java.lang.String)
[DEBUG] Dropdown id: loanPurpose, current value: 'Refinance Cash Out', required: 'Refinance Cash Out'
[DEBUG] Value already set to 'Refinance Cash Out', skipping selection.
  Then I select the Purpose "Refinance Cash Out"                                    # stepdefinitions.LLPASteps.i_select_purpose(java.lang.String)
[DEBUG] Dropdown id: state, current value: 'California (CA)', required: 'California (CA)'
[DEBUG] Value already set to 'California (CA)', skipping selection.
  Then I select the State "California (CA)"                                         # stepdefinitions.LLPASteps.i_select_state(java.lang.String)
[DEBUG] Dropdown id: citizenship, current value: 'US Citizen', required: 'US Citizen'
[DEBUG] Value already set to 'US Citizen', skipping selection.
  Then I select the Citizenship "US Citizen"                                        # stepdefinitions.LLPASteps.i_select_citizenship(java.lang.String)
[DEBUG] Dropdown id: propertyType, current value: 'Condo', required: 'Condo'
[DEBUG] Value already set to 'Condo', skipping selection.
  Then I select the Property Type "Condo"                                           # stepdefinitions.LLPASteps.i_select_property_type(java.lang.String)
[DEBUG] Dropdown id: numberOfProperties, current value: '1', required: '1'
[DEBUG] Value already set to '1', skipping selection.
  Then I select the # of Properties "1"                                             # stepdefinitions.LLPASteps.i_select_number_of_properties(java.lang.String)
[DEBUG] Dropdown id: numberOfUnits, current value: '1', required: '1'
[DEBUG] Value already set to '1', skipping selection.
  Then I select the # of Units "1"                                                  # stepdefinitions.LLPASteps.i_select_number_of_units(java.lang.String)
  When I set LTV to "58"                                                            # stepdefinitions.LLPASteps.i_set_ltv_to(java.lang.String)
  Then I wait for 1 seconds                                                         # stepdefinitions.LLPASteps.I_wait_for_seconds(java.lang.Integer)
  Then the LLPA adjustment should have "24 mo BS" "" "0.250"                        # stepdefinitions.LLPASteps.the_llpa_adjustment_should_have(java.lang.String,java.lang.String,java.lang.String)
]]></system-out>
    <system-err><![CDATA[Nov 28, 2025 8:12:07 PM org.openqa.selenium.devtools.CdpVersionFinder findNearestMatch
WARNING: Unable to find CDP implementation matching 142
Nov 28, 2025 8:12:07 PM org.openqa.selenium.chromium.ChromiumDriver lambda$new$5
WARNING: Unable to find version of CDP to use for 142.0.7444.176. You may need to include a dependency on a specific version of the CDP using something similar to `org.seleniumhq.selenium:selenium-devtools-v86:4.19.1` where the version ("v86") matches the version of the chromium-based browser you're using and the version number of the artifact is the same as Selenium's.
]]></system-err>
  </testcase>
  <testcase name="runScenario[&quot;Verify LLPA adjustment for Doc Type and LTV (NON-QM Expanded Doc)&quot;, &quot;FICO/LTV Loan Level Price Adjustments (LLPA) : NON-QM Expanded Doc&quot;](4)" classname="testrunners.TestRunner" time="9.388">
    <system-out><![CDATA[
Scenario Outline: Verify LLPA adjustment for Doc Type and LTV (NON-QM Expanded Doc) # src/test/java/features/LLPAAdjustments.feature:197
  Given I am on the Quick Pricer page                                               # stepdefinitions.QuickPricerSteps.i_am_on_the_quick_pricer_page()
  Then I wait for 1 seconds                                                         # stepdefinitions.LLPASteps.I_wait_for_seconds(java.lang.Integer)
  When I select the program "NON-QM Expanded Doc"                                   # stepdefinitions.QuickPricerSteps.i_select_the_program(java.lang.String)
  Then I wait for 1 seconds                                                         # stepdefinitions.LLPASteps.I_wait_for_seconds(java.lang.Integer)
[DEBUG] Dropdown id: incomeDocType, current value: '24 mo BS', required: '24 mo BS'
[DEBUG] Value already set to '24 mo BS', skipping selection.
  Then I select the Income Doc Type "24 mo BS"                                      # stepdefinitions.LLPASteps.i_select_income_doc_type(java.lang.String)
[DEBUG] Dropdown id: loanTerm, current value: '30 Years', required: '30 Years'
[DEBUG] Value already set to '30 Years', skipping selection.
  Then I select the Loan Term "30 Years"                                            # stepdefinitions.LLPASteps.i_select_loan_term(java.lang.String)
[DEBUG] Dropdown id: loanPurpose, current value: 'Refinance Cash Out', required: 'Refinance Cash Out'
[DEBUG] Value already set to 'Refinance Cash Out', skipping selection.
  Then I select the Purpose "Refinance Cash Out"                                    # stepdefinitions.LLPASteps.i_select_purpose(java.lang.String)
[DEBUG] Dropdown id: state, current value: 'California (CA)', required: 'California (CA)'
[DEBUG] Value already set to 'California (CA)', skipping selection.
  Then I select the State "California (CA)"                                         # stepdefinitions.LLPASteps.i_select_state(java.lang.String)
[DEBUG] Dropdown id: citizenship, current value: 'US Citizen', required: 'US Citizen'
[DEBUG] Value already set to 'US Citizen', skipping selection.
  Then I select the Citizenship "US Citizen"                                        # stepdefinitions.LLPASteps.i_select_citizenship(java.lang.String)
[DEBUG] Dropdown id: propertyType, current value: 'Condo', required: 'Condo'
[DEBUG] Value already set to 'Condo', skipping selection.
  Then I select the Property Type "Condo"                                           # stepdefinitions.LLPASteps.i_select_property_type(java.lang.String)
[DEBUG] Dropdown id: numberOfProperties, current value: '1', required: '1'
[DEBUG] Value already set to '1', skipping selection.
  Then I select the # of Properties "1"                                             # stepdefinitions.LLPASteps.i_select_number_of_properties(java.lang.String)
[DEBUG] Dropdown id: numberOfUnits, current value: '1', required: '1'
[DEBUG] Value already set to '1', skipping selection.
  Then I select the # of Units "1"                                                  # stepdefinitions.LLPASteps.i_select_number_of_units(java.lang.String)
  When I set LTV to "63"                                                            # stepdefinitions.LLPASteps.i_set_ltv_to(java.lang.String)
  Then I wait for 1 seconds                                                         # stepdefinitions.LLPASteps.I_wait_for_seconds(java.lang.Integer)
  Then the LLPA adjustment should have "24 mo BS" "" "0.250"                        # stepdefinitions.LLPASteps.the_llpa_adjustment_should_have(java.lang.String,java.lang.String,java.lang.String)
]]></system-out>
    <system-err><![CDATA[Nov 28, 2025 8:12:16 PM org.openqa.selenium.devtools.CdpVersionFinder findNearestMatch
WARNING: Unable to find CDP implementation matching 142
Nov 28, 2025 8:12:16 PM org.openqa.selenium.chromium.ChromiumDriver lambda$new$5
WARNING: Unable to find version of CDP to use for 142.0.7444.176. You may need to include a dependency on a specific version of the CDP using something similar to `org.seleniumhq.selenium:selenium-devtools-v86:4.19.1` where the version ("v86") matches the version of the chromium-based browser you're using and the version number of the artifact is the same as Selenium's.
]]></system-err>
  </testcase>
  <testcase name="runScenario[&quot;Verify LLPA adjustment for Doc Type and LTV (NON-QM Expanded Doc)&quot;, &quot;FICO/LTV Loan Level Price Adjustments (LLPA) : NON-QM Expanded Doc&quot;](5)" classname="testrunners.TestRunner" time="9.673">
    <system-out><![CDATA[
Scenario Outline: Verify LLPA adjustment for Doc Type and LTV (NON-QM Expanded Doc) # src/test/java/features/LLPAAdjustments.feature:198
  Given I am on the Quick Pricer page                                               # stepdefinitions.QuickPricerSteps.i_am_on_the_quick_pricer_page()
  Then I wait for 1 seconds                                                         # stepdefinitions.LLPASteps.I_wait_for_seconds(java.lang.Integer)
  When I select the program "NON-QM Expanded Doc"                                   # stepdefinitions.QuickPricerSteps.i_select_the_program(java.lang.String)
  Then I wait for 1 seconds                                                         # stepdefinitions.LLPASteps.I_wait_for_seconds(java.lang.Integer)
[DEBUG] Dropdown id: incomeDocType, current value: '24 mo BS', required: '24 mo BS'
[DEBUG] Value already set to '24 mo BS', skipping selection.
  Then I select the Income Doc Type "24 mo BS"                                      # stepdefinitions.LLPASteps.i_select_income_doc_type(java.lang.String)
[DEBUG] Dropdown id: loanTerm, current value: '30 Years', required: '30 Years'
[DEBUG] Value already set to '30 Years', skipping selection.
  Then I select the Loan Term "30 Years"                                            # stepdefinitions.LLPASteps.i_select_loan_term(java.lang.String)
[DEBUG] Dropdown id: loanPurpose, current value: 'Refinance Cash Out', required: 'Refinance Cash Out'
[DEBUG] Value already set to 'Refinance Cash Out', skipping selection.
  Then I select the Purpose "Refinance Cash Out"                                    # stepdefinitions.LLPASteps.i_select_purpose(java.lang.String)
[DEBUG] Dropdown id: state, current value: 'California (CA)', required: 'California (CA)'
[DEBUG] Value already set to 'California (CA)', skipping selection.
  Then I select the State "California (CA)"                                         # stepdefinitions.LLPASteps.i_select_state(java.lang.String)
[DEBUG] Dropdown id: citizenship, current value: 'US Citizen', required: 'US Citizen'
[DEBUG] Value already set to 'US Citizen', skipping selection.
  Then I select the Citizenship "US Citizen"                                        # stepdefinitions.LLPASteps.i_select_citizenship(java.lang.String)
[DEBUG] Dropdown id: propertyType, current value: 'Condo', required: 'Condo'
[DEBUG] Value already set to 'Condo', skipping selection.
  Then I select the Property Type "Condo"                                           # stepdefinitions.LLPASteps.i_select_property_type(java.lang.String)
[DEBUG] Dropdown id: numberOfProperties, current value: '1', required: '1'
[DEBUG] Value already set to '1', skipping selection.
  Then I select the # of Properties "1"                                             # stepdefinitions.LLPASteps.i_select_number_of_properties(java.lang.String)
[DEBUG] Dropdown id: numberOfUnits, current value: '1', required: '1'
[DEBUG] Value already set to '1', skipping selection.
  Then I select the # of Units "1"                                                  # stepdefinitions.LLPASteps.i_select_number_of_units(java.lang.String)
  When I set LTV to "68"                                                            # stepdefinitions.LLPASteps.i_set_ltv_to(java.lang.String)
  Then I wait for 1 seconds                                                         # stepdefinitions.LLPASteps.I_wait_for_seconds(java.lang.Integer)
  Then the LLPA adjustment should have "24 mo BS" "" "0.250"                        # stepdefinitions.LLPASteps.the_llpa_adjustment_should_have(java.lang.String,java.lang.String,java.lang.String)
]]></system-out>
    <system-err><![CDATA[Nov 28, 2025 8:12:25 PM org.openqa.selenium.devtools.CdpVersionFinder findNearestMatch
WARNING: Unable to find CDP implementation matching 142
Nov 28, 2025 8:12:25 PM org.openqa.selenium.chromium.ChromiumDriver lambda$new$5
WARNING: Unable to find version of CDP to use for 142.0.7444.176. You may need to include a dependency on a specific version of the CDP using something similar to `org.seleniumhq.selenium:selenium-devtools-v86:4.19.1` where the version ("v86") matches the version of the chromium-based browser you're using and the version number of the artifact is the same as Selenium's.
]]></system-err>
  </testcase>
  <testcase name="runScenario[&quot;Verify LLPA adjustment for Doc Type and LTV (NON-QM Expanded Doc)&quot;, &quot;FICO/LTV Loan Level Price Adjustments (LLPA) : NON-QM Expanded Doc&quot;](6)" classname="testrunners.TestRunner" time="8.98">
    <system-out><![CDATA[
Scenario Outline: Verify LLPA adjustment for Doc Type and LTV (NON-QM Expanded Doc) # src/test/java/features/LLPAAdjustments.feature:199
  Given I am on the Quick Pricer page                                               # stepdefinitions.QuickPricerSteps.i_am_on_the_quick_pricer_page()
  Then I wait for 1 seconds                                                         # stepdefinitions.LLPASteps.I_wait_for_seconds(java.lang.Integer)
  When I select the program "NON-QM Expanded Doc"                                   # stepdefinitions.QuickPricerSteps.i_select_the_program(java.lang.String)
  Then I wait for 1 seconds                                                         # stepdefinitions.LLPASteps.I_wait_for_seconds(java.lang.Integer)
[DEBUG] Dropdown id: incomeDocType, current value: '24 mo BS', required: '24 mo BS'
[DEBUG] Value already set to '24 mo BS', skipping selection.
  Then I select the Income Doc Type "24 mo BS"                                      # stepdefinitions.LLPASteps.i_select_income_doc_type(java.lang.String)
[DEBUG] Dropdown id: loanTerm, current value: '30 Years', required: '30 Years'
[DEBUG] Value already set to '30 Years', skipping selection.
  Then I select the Loan Term "30 Years"                                            # stepdefinitions.LLPASteps.i_select_loan_term(java.lang.String)
[DEBUG] Dropdown id: loanPurpose, current value: 'Refinance Cash Out', required: 'Refinance Cash Out'
[DEBUG] Value already set to 'Refinance Cash Out', skipping selection.
  Then I select the Purpose "Refinance Cash Out"                                    # stepdefinitions.LLPASteps.i_select_purpose(java.lang.String)
[DEBUG] Dropdown id: state, current value: 'California (CA)', required: 'California (CA)'
[DEBUG] Value already set to 'California (CA)', skipping selection.
  Then I select the State "California (CA)"                                         # stepdefinitions.LLPASteps.i_select_state(java.lang.String)
[DEBUG] Dropdown id: citizenship, current value: 'US Citizen', required: 'US Citizen'
[DEBUG] Value already set to 'US Citizen', skipping selection.
  Then I select the Citizenship "US Citizen"                                        # stepdefinitions.LLPASteps.i_select_citizenship(java.lang.String)
[DEBUG] Dropdown id: propertyType, current value: 'Condo', required: 'Condo'
[DEBUG] Value already set to 'Condo', skipping selection.
  Then I select the Property Type "Condo"                                           # stepdefinitions.LLPASteps.i_select_property_type(java.lang.String)
[DEBUG] Dropdown id: numberOfProperties, current value: '1', required: '1'
[DEBUG] Value already set to '1', skipping selection.
  Then I select the # of Properties "1"                                             # stepdefinitions.LLPASteps.i_select_number_of_properties(java.lang.String)
[DEBUG] Dropdown id: numberOfUnits, current value: '1', required: '1'
[DEBUG] Value already set to '1', skipping selection.
  Then I select the # of Units "1"                                                  # stepdefinitions.LLPASteps.i_select_number_of_units(java.lang.String)
  When I set LTV to "73"                                                            # stepdefinitions.LLPASteps.i_set_ltv_to(java.lang.String)
  Then I wait for 1 seconds                                                         # stepdefinitions.LLPASteps.I_wait_for_seconds(java.lang.Integer)
  Then the LLPA adjustment should have "24 mo BS" "" "0.250"                        # stepdefinitions.LLPASteps.the_llpa_adjustment_should_have(java.lang.String,java.lang.String,java.lang.String)
]]></system-out>
    <system-err><![CDATA[Nov 28, 2025 8:12:35 PM org.openqa.selenium.devtools.CdpVersionFinder findNearestMatch
WARNING: Unable to find CDP implementation matching 142
Nov 28, 2025 8:12:35 PM org.openqa.selenium.chromium.ChromiumDriver lambda$new$5
WARNING: Unable to find version of CDP to use for 142.0.7444.176. You may need to include a dependency on a specific version of the CDP using something similar to `org.seleniumhq.selenium:selenium-devtools-v86:4.19.1` where the version ("v86") matches the version of the chromium-based browser you're using and the version number of the artifact is the same as Selenium's.
]]></system-err>
  </testcase>
  <testcase name="runScenario[&quot;Verify LLPA adjustment for Doc Type and LTV (NON-QM Expanded Doc)&quot;, &quot;FICO/LTV Loan Level Price Adjustments (LLPA) : NON-QM Expanded Doc&quot;](7)" classname="testrunners.TestRunner" time="9.978">
    <system-out><![CDATA[
Scenario Outline: Verify LLPA adjustment for Doc Type and LTV (NON-QM Expanded Doc) # src/test/java/features/LLPAAdjustments.feature:200
  Given I am on the Quick Pricer page                                               # stepdefinitions.QuickPricerSteps.i_am_on_the_quick_pricer_page()
  Then I wait for 1 seconds                                                         # stepdefinitions.LLPASteps.I_wait_for_seconds(java.lang.Integer)
  When I select the program "NON-QM Expanded Doc"                                   # stepdefinitions.QuickPricerSteps.i_select_the_program(java.lang.String)
  Then I wait for 1 seconds                                                         # stepdefinitions.LLPASteps.I_wait_for_seconds(java.lang.Integer)
[DEBUG] Dropdown id: incomeDocType, current value: '24 mo BS', required: '24 mo BS'
[DEBUG] Value already set to '24 mo BS', skipping selection.
  Then I select the Income Doc Type "24 mo BS"                                      # stepdefinitions.LLPASteps.i_select_income_doc_type(java.lang.String)
[DEBUG] Dropdown id: loanTerm, current value: '30 Years', required: '30 Years'
[DEBUG] Value already set to '30 Years', skipping selection.
  Then I select the Loan Term "30 Years"                                            # stepdefinitions.LLPASteps.i_select_loan_term(java.lang.String)
[DEBUG] Dropdown id: loanPurpose, current value: 'Refinance Cash Out', required: 'Refinance Cash Out'
[DEBUG] Value already set to 'Refinance Cash Out', skipping selection.
  Then I select the Purpose "Refinance Cash Out"                                    # stepdefinitions.LLPASteps.i_select_purpose(java.lang.String)
[DEBUG] Dropdown id: state, current value: 'California (CA)', required: 'California (CA)'
[DEBUG] Value already set to 'California (CA)', skipping selection.
  Then I select the State "California (CA)"                                         # stepdefinitions.LLPASteps.i_select_state(java.lang.String)
[DEBUG] Dropdown id: citizenship, current value: 'US Citizen', required: 'US Citizen'
[DEBUG] Value already set to 'US Citizen', skipping selection.
  Then I select the Citizenship "US Citizen"                                        # stepdefinitions.LLPASteps.i_select_citizenship(java.lang.String)
[DEBUG] Dropdown id: propertyType, current value: 'Condo', required: 'Condo'
[DEBUG] Value already set to 'Condo', skipping selection.
  Then I select the Property Type "Condo"                                           # stepdefinitions.LLPASteps.i_select_property_type(java.lang.String)
[DEBUG] Dropdown id: numberOfProperties, current value: '1', required: '1'
[DEBUG] Value already set to '1', skipping selection.
  Then I select the # of Properties "1"                                             # stepdefinitions.LLPASteps.i_select_number_of_properties(java.lang.String)
[DEBUG] Dropdown id: numberOfUnits, current value: '1', required: '1'
[DEBUG] Value already set to '1', skipping selection.
  Then I select the # of Units "1"                                                  # stepdefinitions.LLPASteps.i_select_number_of_units(java.lang.String)
  When I set LTV to "78"                                                            # stepdefinitions.LLPASteps.i_set_ltv_to(java.lang.String)
  Then I wait for 1 seconds                                                         # stepdefinitions.LLPASteps.I_wait_for_seconds(java.lang.Integer)
  Then the LLPA adjustment should have "24 mo BS" "" "0.125"                        # stepdefinitions.LLPASteps.the_llpa_adjustment_should_have(java.lang.String,java.lang.String,java.lang.String)
]]></system-out>
    <system-err><![CDATA[Nov 28, 2025 8:12:44 PM org.openqa.selenium.devtools.CdpVersionFinder findNearestMatch
WARNING: Unable to find CDP implementation matching 142
Nov 28, 2025 8:12:44 PM org.openqa.selenium.chromium.ChromiumDriver lambda$new$5
WARNING: Unable to find version of CDP to use for 142.0.7444.176. You may need to include a dependency on a specific version of the CDP using something similar to `org.seleniumhq.selenium:selenium-devtools-v86:4.19.1` where the version ("v86") matches the version of the chromium-based browser you're using and the version number of the artifact is the same as Selenium's.
]]></system-err>
  </testcase>
  <testcase name="runScenario[&quot;Verify LLPA adjustment for Doc Type and LTV (NON-QM Expanded Doc)&quot;, &quot;FICO/LTV Loan Level Price Adjustments (LLPA) : NON-QM Expanded Doc&quot;](8)" classname="testrunners.TestRunner" time="8.789">
    <system-out><![CDATA[
Scenario Outline: Verify LLPA adjustment for Doc Type and LTV (NON-QM Expanded Doc) # src/test/java/features/LLPAAdjustments.feature:201
  Given I am on the Quick Pricer page                                               # stepdefinitions.QuickPricerSteps.i_am_on_the_quick_pricer_page()
  Then I wait for 1 seconds                                                         # stepdefinitions.LLPASteps.I_wait_for_seconds(java.lang.Integer)
  When I select the program "NON-QM Expanded Doc"                                   # stepdefinitions.QuickPricerSteps.i_select_the_program(java.lang.String)
  Then I wait for 1 seconds                                                         # stepdefinitions.LLPASteps.I_wait_for_seconds(java.lang.Integer)
[DEBUG] Dropdown id: incomeDocType, current value: '24 mo BS', required: '24 mo BS'
[DEBUG] Value already set to '24 mo BS', skipping selection.
  Then I select the Income Doc Type "24 mo BS"                                      # stepdefinitions.LLPASteps.i_select_income_doc_type(java.lang.String)
[DEBUG] Dropdown id: loanTerm, current value: '30 Years', required: '30 Years'
[DEBUG] Value already set to '30 Years', skipping selection.
  Then I select the Loan Term "30 Years"                                            # stepdefinitions.LLPASteps.i_select_loan_term(java.lang.String)
[DEBUG] Dropdown id: loanPurpose, current value: 'Refinance Cash Out', required: 'Refinance Cash Out'
[DEBUG] Value already set to 'Refinance Cash Out', skipping selection.
  Then I select the Purpose "Refinance Cash Out"                                    # stepdefinitions.LLPASteps.i_select_purpose(java.lang.String)
[DEBUG] Dropdown id: state, current value: 'California (CA)', required: 'California (CA)'
[DEBUG] Value already set to 'California (CA)', skipping selection.
  Then I select the State "California (CA)"                                         # stepdefinitions.LLPASteps.i_select_state(java.lang.String)
[DEBUG] Dropdown id: citizenship, current value: 'US Citizen', required: 'US Citizen'
[DEBUG] Value already set to 'US Citizen', skipping selection.
  Then I select the Citizenship "US Citizen"                                        # stepdefinitions.LLPASteps.i_select_citizenship(java.lang.String)
[DEBUG] Dropdown id: propertyType, current value: 'Condo', required: 'Condo'
[DEBUG] Value already set to 'Condo', skipping selection.
  Then I select the Property Type "Condo"                                           # stepdefinitions.LLPASteps.i_select_property_type(java.lang.String)
[DEBUG] Dropdown id: numberOfProperties, current value: '1', required: '1'
[DEBUG] Value already set to '1', skipping selection.
  Then I select the # of Properties "1"                                             # stepdefinitions.LLPASteps.i_select_number_of_properties(java.lang.String)
[DEBUG] Dropdown id: numberOfUnits, current value: '1', required: '1'
[DEBUG] Value already set to '1', skipping selection.
  Then I select the # of Units "1"                                                  # stepdefinitions.LLPASteps.i_select_number_of_units(java.lang.String)
  When I set LTV to "83"                                                            # stepdefinitions.LLPASteps.i_set_ltv_to(java.lang.String)
  Then I wait for 1 seconds                                                         # stepdefinitions.LLPASteps.I_wait_for_seconds(java.lang.Integer)
  Then the LLPA adjustment should have "24 mo BS" "" "0.000"                        # stepdefinitions.LLPASteps.the_llpa_adjustment_should_have(java.lang.String,java.lang.String,java.lang.String)
]]></system-out>
    <system-err><![CDATA[Nov 28, 2025 8:12:54 PM org.openqa.selenium.devtools.CdpVersionFinder findNearestMatch
WARNING: Unable to find CDP implementation matching 142
Nov 28, 2025 8:12:54 PM org.openqa.selenium.chromium.ChromiumDriver lambda$new$5
WARNING: Unable to find version of CDP to use for 142.0.7444.176. You may need to include a dependency on a specific version of the CDP using something similar to `org.seleniumhq.selenium:selenium-devtools-v86:4.19.1` where the version ("v86") matches the version of the chromium-based browser you're using and the version number of the artifact is the same as Selenium's.
]]></system-err>
  </testcase>
  <testcase name="runScenario[&quot;Verify LLPA adjustment for Doc Type and LTV (NON-QM Expanded Doc)&quot;, &quot;FICO/LTV Loan Level Price Adjustments (LLPA) : NON-QM Expanded Doc&quot;](9)" classname="testrunners.TestRunner" time="8.875">
    <system-out><![CDATA[
Scenario Outline: Verify LLPA adjustment for Doc Type and LTV (NON-QM Expanded Doc) # src/test/java/features/LLPAAdjustments.feature:202
  Given I am on the Quick Pricer page                                               # stepdefinitions.QuickPricerSteps.i_am_on_the_quick_pricer_page()
  Then I wait for 1 seconds                                                         # stepdefinitions.LLPASteps.I_wait_for_seconds(java.lang.Integer)
  When I select the program "NON-QM Expanded Doc"                                   # stepdefinitions.QuickPricerSteps.i_select_the_program(java.lang.String)
  Then I wait for 1 seconds                                                         # stepdefinitions.LLPASteps.I_wait_for_seconds(java.lang.Integer)
[DEBUG] Dropdown id: incomeDocType, current value: '24 mo BS', required: '24 mo BS'
[DEBUG] Value already set to '24 mo BS', skipping selection.
  Then I select the Income Doc Type "24 mo BS"                                      # stepdefinitions.LLPASteps.i_select_income_doc_type(java.lang.String)
[DEBUG] Dropdown id: loanTerm, current value: '30 Years', required: '30 Years'
[DEBUG] Value already set to '30 Years', skipping selection.
  Then I select the Loan Term "30 Years"                                            # stepdefinitions.LLPASteps.i_select_loan_term(java.lang.String)
[DEBUG] Dropdown id: loanPurpose, current value: 'Refinance Cash Out', required: 'Refinance Cash Out'
[DEBUG] Value already set to 'Refinance Cash Out', skipping selection.
  Then I select the Purpose "Refinance Cash Out"                                    # stepdefinitions.LLPASteps.i_select_purpose(java.lang.String)
[DEBUG] Dropdown id: state, current value: 'California (CA)', required: 'California (CA)'
[DEBUG] Value already set to 'California (CA)', skipping selection.
  Then I select the State "California (CA)"                                         # stepdefinitions.LLPASteps.i_select_state(java.lang.String)
[DEBUG] Dropdown id: citizenship, current value: 'US Citizen', required: 'US Citizen'
[DEBUG] Value already set to 'US Citizen', skipping selection.
  Then I select the Citizenship "US Citizen"                                        # stepdefinitions.LLPASteps.i_select_citizenship(java.lang.String)
[DEBUG] Dropdown id: propertyType, current value: 'Condo', required: 'Condo'
[DEBUG] Value already set to 'Condo', skipping selection.
  Then I select the Property Type "Condo"                                           # stepdefinitions.LLPASteps.i_select_property_type(java.lang.String)
[DEBUG] Dropdown id: numberOfProperties, current value: '1', required: '1'
[DEBUG] Value already set to '1', skipping selection.
  Then I select the # of Properties "1"                                             # stepdefinitions.LLPASteps.i_select_number_of_properties(java.lang.String)
[DEBUG] Dropdown id: numberOfUnits, current value: '1', required: '1'
[DEBUG] Value already set to '1', skipping selection.
  Then I select the # of Units "1"                                                  # stepdefinitions.LLPASteps.i_select_number_of_units(java.lang.String)
  When I set LTV to "88"                                                            # stepdefinitions.LLPASteps.i_set_ltv_to(java.lang.String)
  Then I wait for 1 seconds                                                         # stepdefinitions.LLPASteps.I_wait_for_seconds(java.lang.Integer)
  Then the LLPA adjustment should have "24 mo BS" "" "0.000"                        # stepdefinitions.LLPASteps.the_llpa_adjustment_should_have(java.lang.String,java.lang.String,java.lang.String)
]]></system-out>
    <system-err><![CDATA[Nov 28, 2025 8:13:02 PM org.openqa.selenium.devtools.CdpVersionFinder findNearestMatch
WARNING: Unable to find CDP implementation matching 142
Nov 28, 2025 8:13:02 PM org.openqa.selenium.chromium.ChromiumDriver lambda$new$5
WARNING: Unable to find version of CDP to use for 142.0.7444.176. You may need to include a dependency on a specific version of the CDP using something similar to `org.seleniumhq.selenium:selenium-devtools-v86:4.19.1` where the version ("v86") matches the version of the chromium-based browser you're using and the version number of the artifact is the same as Selenium's.
]]></system-err>
  </testcase>
  <testcase name="runScenario[&quot;Verify LLPA adjustment for Doc Type and LTV (NON-QM Expanded Doc)&quot;, &quot;FICO/LTV Loan Level Price Adjustments (LLPA) : NON-QM Expanded Doc&quot;](10)" classname="testrunners.TestRunner" time="9.443">
    <system-out><![CDATA[
Scenario Outline: Verify LLPA adjustment for Doc Type and LTV (NON-QM Expanded Doc) # src/test/java/features/LLPAAdjustments.feature:203
  Given I am on the Quick Pricer page                                               # stepdefinitions.QuickPricerSteps.i_am_on_the_quick_pricer_page()
  Then I wait for 1 seconds                                                         # stepdefinitions.LLPASteps.I_wait_for_seconds(java.lang.Integer)
  When I select the program "NON-QM Expanded Doc"                                   # stepdefinitions.QuickPricerSteps.i_select_the_program(java.lang.String)
  Then I wait for 1 seconds                                                         # stepdefinitions.LLPASteps.I_wait_for_seconds(java.lang.Integer)
[DEBUG] Dropdown id: incomeDocType, current value: '24 mo BS', required: 'CPA P&L w/ BS'
[DEBUG] Selecting option with text: 'CPA P&L w/ BS'
[DEBUG] Selected 'CPA P&L w/ BS' for dropdown id: incomeDocType
  Then I select the Income Doc Type "CPA P&L w/ BS"                                 # stepdefinitions.LLPASteps.i_select_income_doc_type(java.lang.String)
[DEBUG] Dropdown id: loanTerm, current value: '30 Years', required: '30 Years'
[DEBUG] Value already set to '30 Years', skipping selection.
  Then I select the Loan Term "30 Years"                                            # stepdefinitions.LLPASteps.i_select_loan_term(java.lang.String)
[DEBUG] Dropdown id: loanPurpose, current value: 'Refinance Cash Out', required: 'Refinance Cash Out'
[DEBUG] Value already set to 'Refinance Cash Out', skipping selection.
  Then I select the Purpose "Refinance Cash Out"                                    # stepdefinitions.LLPASteps.i_select_purpose(java.lang.String)
[DEBUG] Dropdown id: state, current value: 'California (CA)', required: 'California (CA)'
[DEBUG] Value already set to 'California (CA)', skipping selection.
  Then I select the State "California (CA)"                                         # stepdefinitions.LLPASteps.i_select_state(java.lang.String)
[DEBUG] Dropdown id: citizenship, current value: 'US Citizen', required: 'US Citizen'
[DEBUG] Value already set to 'US Citizen', skipping selection.
  Then I select the Citizenship "US Citizen"                                        # stepdefinitions.LLPASteps.i_select_citizenship(java.lang.String)
[DEBUG] Dropdown id: propertyType, current value: 'Condo', required: 'Condo'
[DEBUG] Value already set to 'Condo', skipping selection.
  Then I select the Property Type "Condo"                                           # stepdefinitions.LLPASteps.i_select_property_type(java.lang.String)
[DEBUG] Dropdown id: numberOfProperties, current value: '1', required: '1'
[DEBUG] Value already set to '1', skipping selection.
  Then I select the # of Properties "1"                                             # stepdefinitions.LLPASteps.i_select_number_of_properties(java.lang.String)
[DEBUG] Dropdown id: numberOfUnits, current value: '1', required: '1'
[DEBUG] Value already set to '1', skipping selection.
  Then I select the # of Units "1"                                                  # stepdefinitions.LLPASteps.i_select_number_of_units(java.lang.String)
  When I set LTV to "48"                                                            # stepdefinitions.LLPASteps.i_set_ltv_to(java.lang.String)
  Then I wait for 1 seconds                                                         # stepdefinitions.LLPASteps.I_wait_for_seconds(java.lang.Integer)
  Then the LLPA adjustment should have "CPA P&L w/ BS" "" "-0.375"                  # stepdefinitions.LLPASteps.the_llpa_adjustment_should_have(java.lang.String,java.lang.String,java.lang.String)
]]></system-out>
    <system-err><![CDATA[Nov 28, 2025 8:13:11 PM org.openqa.selenium.devtools.CdpVersionFinder findNearestMatch
WARNING: Unable to find CDP implementation matching 142
Nov 28, 2025 8:13:11 PM org.openqa.selenium.chromium.ChromiumDriver lambda$new$5
WARNING: Unable to find version of CDP to use for 142.0.7444.176. You may need to include a dependency on a specific version of the CDP using something similar to `org.seleniumhq.selenium:selenium-devtools-v86:4.19.1` where the version ("v86") matches the version of the chromium-based browser you're using and the version number of the artifact is the same as Selenium's.
]]></system-err>
  </testcase>
  <testcase name="runScenario[&quot;Verify LLPA adjustment for Doc Type and LTV (NON-QM Expanded Doc)&quot;, &quot;FICO/LTV Loan Level Price Adjustments (LLPA) : NON-QM Expanded Doc&quot;](11)" classname="testrunners.TestRunner" time="10.384">
    <system-out><![CDATA[
Scenario Outline: Verify LLPA adjustment for Doc Type and LTV (NON-QM Expanded Doc) # src/test/java/features/LLPAAdjustments.feature:204
  Given I am on the Quick Pricer page                                               # stepdefinitions.QuickPricerSteps.i_am_on_the_quick_pricer_page()
  Then I wait for 1 seconds                                                         # stepdefinitions.LLPASteps.I_wait_for_seconds(java.lang.Integer)
  When I select the program "NON-QM Expanded Doc"                                   # stepdefinitions.QuickPricerSteps.i_select_the_program(java.lang.String)
  Then I wait for 1 seconds                                                         # stepdefinitions.LLPASteps.I_wait_for_seconds(java.lang.Integer)
[DEBUG] Dropdown id: incomeDocType, current value: '24 mo BS', required: 'CPA P&L w/ BS'
[DEBUG] Selecting option with text: 'CPA P&L w/ BS'
[DEBUG] Selected 'CPA P&L w/ BS' for dropdown id: incomeDocType
  Then I select the Income Doc Type "CPA P&L w/ BS"                                 # stepdefinitions.LLPASteps.i_select_income_doc_type(java.lang.String)
[DEBUG] Dropdown id: loanTerm, current value: '30 Years', required: '30 Years'
[DEBUG] Value already set to '30 Years', skipping selection.
  Then I select the Loan Term "30 Years"                                            # stepdefinitions.LLPASteps.i_select_loan_term(java.lang.String)
[DEBUG] Dropdown id: loanPurpose, current value: 'Refinance Cash Out', required: 'Refinance Cash Out'
[DEBUG] Value already set to 'Refinance Cash Out', skipping selection.
  Then I select the Purpose "Refinance Cash Out"                                    # stepdefinitions.LLPASteps.i_select_purpose(java.lang.String)
[DEBUG] Dropdown id: state, current value: 'California (CA)', required: 'California (CA)'
[DEBUG] Value already set to 'California (CA)', skipping selection.
  Then I select the State "California (CA)"                                         # stepdefinitions.LLPASteps.i_select_state(java.lang.String)
[DEBUG] Dropdown id: citizenship, current value: 'US Citizen', required: 'US Citizen'
[DEBUG] Value already set to 'US Citizen', skipping selection.
  Then I select the Citizenship "US Citizen"                                        # stepdefinitions.LLPASteps.i_select_citizenship(java.lang.String)
[DEBUG] Dropdown id: propertyType, current value: 'Condo', required: 'Condo'
[DEBUG] Value already set to 'Condo', skipping selection.
  Then I select the Property Type "Condo"                                           # stepdefinitions.LLPASteps.i_select_property_type(java.lang.String)
[DEBUG] Dropdown id: numberOfProperties, current value: '1', required: '1'
[DEBUG] Value already set to '1', skipping selection.
  Then I select the # of Properties "1"                                             # stepdefinitions.LLPASteps.i_select_number_of_properties(java.lang.String)
[DEBUG] Dropdown id: numberOfUnits, current value: '1', required: '1'
[DEBUG] Value already set to '1', skipping selection.
  Then I select the # of Units "1"                                                  # stepdefinitions.LLPASteps.i_select_number_of_units(java.lang.String)
  When I set LTV to "54"                                                            # stepdefinitions.LLPASteps.i_set_ltv_to(java.lang.String)
  Then I wait for 1 seconds                                                         # stepdefinitions.LLPASteps.I_wait_for_seconds(java.lang.Integer)
  Then the LLPA adjustment should have "CPA P&L w/ BS" "" "-0.375"                  # stepdefinitions.LLPASteps.the_llpa_adjustment_should_have(java.lang.String,java.lang.String,java.lang.String)
]]></system-out>
    <system-err><![CDATA[Nov 28, 2025 8:13:21 PM org.openqa.selenium.devtools.CdpVersionFinder findNearestMatch
WARNING: Unable to find CDP implementation matching 142
Nov 28, 2025 8:13:21 PM org.openqa.selenium.chromium.ChromiumDriver lambda$new$5
WARNING: Unable to find version of CDP to use for 142.0.7444.176. You may need to include a dependency on a specific version of the CDP using something similar to `org.seleniumhq.selenium:selenium-devtools-v86:4.19.1` where the version ("v86") matches the version of the chromium-based browser you're using and the version number of the artifact is the same as Selenium's.
]]></system-err>
  </testcase>
  <testcase name="runScenario[&quot;Verify LLPA adjustment for Doc Type and LTV (NON-QM Expanded Doc)&quot;, &quot;FICO/LTV Loan Level Price Adjustments (LLPA) : NON-QM Expanded Doc&quot;](12)" classname="testrunners.TestRunner" time="10.049">
    <system-out><![CDATA[
Scenario Outline: Verify LLPA adjustment for Doc Type and LTV (NON-QM Expanded Doc) # src/test/java/features/LLPAAdjustments.feature:205
  Given I am on the Quick Pricer page                                               # stepdefinitions.QuickPricerSteps.i_am_on_the_quick_pricer_page()
  Then I wait for 1 seconds                                                         # stepdefinitions.LLPASteps.I_wait_for_seconds(java.lang.Integer)
  When I select the program "NON-QM Expanded Doc"                                   # stepdefinitions.QuickPricerSteps.i_select_the_program(java.lang.String)
  Then I wait for 1 seconds                                                         # stepdefinitions.LLPASteps.I_wait_for_seconds(java.lang.Integer)
[DEBUG] Dropdown id: incomeDocType, current value: '24 mo BS', required: 'CPA P&L w/ BS'
[DEBUG] Selecting option with text: 'CPA P&L w/ BS'
[DEBUG] Selected 'CPA P&L w/ BS' for dropdown id: incomeDocType
  Then I select the Income Doc Type "CPA P&L w/ BS"                                 # stepdefinitions.LLPASteps.i_select_income_doc_type(java.lang.String)
[DEBUG] Dropdown id: loanTerm, current value: '30 Years', required: '30 Years'
[DEBUG] Value already set to '30 Years', skipping selection.
  Then I select the Loan Term "30 Years"                                            # stepdefinitions.LLPASteps.i_select_loan_term(java.lang.String)
[DEBUG] Dropdown id: loanPurpose, current value: 'Refinance Cash Out', required: 'Refinance Cash Out'
[DEBUG] Value already set to 'Refinance Cash Out', skipping selection.
  Then I select the Purpose "Refinance Cash Out"                                    # stepdefinitions.LLPASteps.i_select_purpose(java.lang.String)
[DEBUG] Dropdown id: state, current value: 'California (CA)', required: 'California (CA)'
[DEBUG] Value already set to 'California (CA)', skipping selection.
  Then I select the State "California (CA)"                                         # stepdefinitions.LLPASteps.i_select_state(java.lang.String)
[DEBUG] Dropdown id: citizenship, current value: 'US Citizen', required: 'US Citizen'
[DEBUG] Value already set to 'US Citizen', skipping selection.
  Then I select the Citizenship "US Citizen"                                        # stepdefinitions.LLPASteps.i_select_citizenship(java.lang.String)
[DEBUG] Dropdown id: propertyType, current value: 'Condo', required: 'Condo'
[DEBUG] Value already set to 'Condo', skipping selection.
  Then I select the Property Type "Condo"                                           # stepdefinitions.LLPASteps.i_select_property_type(java.lang.String)
[DEBUG] Dropdown id: numberOfProperties, current value: '1', required: '1'
[DEBUG] Value already set to '1', skipping selection.
  Then I select the # of Properties "1"                                             # stepdefinitions.LLPASteps.i_select_number_of_properties(java.lang.String)
[DEBUG] Dropdown id: numberOfUnits, current value: '1', required: '1'
[DEBUG] Value already set to '1', skipping selection.
  Then I select the # of Units "1"                                                  # stepdefinitions.LLPASteps.i_select_number_of_units(java.lang.String)
  When I set LTV to "58"                                                            # stepdefinitions.LLPASteps.i_set_ltv_to(java.lang.String)
  Then I wait for 1 seconds                                                         # stepdefinitions.LLPASteps.I_wait_for_seconds(java.lang.Integer)
  Then the LLPA adjustment should have "CPA P&L w/ BS" "" "-0.500"                  # stepdefinitions.LLPASteps.the_llpa_adjustment_should_have(java.lang.String,java.lang.String,java.lang.String)
]]></system-out>
    <system-err><![CDATA[Nov 28, 2025 8:13:31 PM org.openqa.selenium.devtools.CdpVersionFinder findNearestMatch
WARNING: Unable to find CDP implementation matching 142
Nov 28, 2025 8:13:31 PM org.openqa.selenium.chromium.ChromiumDriver lambda$new$5
WARNING: Unable to find version of CDP to use for 142.0.7444.176. You may need to include a dependency on a specific version of the CDP using something similar to `org.seleniumhq.selenium:selenium-devtools-v86:4.19.1` where the version ("v86") matches the version of the chromium-based browser you're using and the version number of the artifact is the same as Selenium's.
]]></system-err>
  </testcase>
  <testcase name="runScenario[&quot;Verify LLPA adjustment for Doc Type and LTV (NON-QM Expanded Doc)&quot;, &quot;FICO/LTV Loan Level Price Adjustments (LLPA) : NON-QM Expanded Doc&quot;](13)" classname="testrunners.TestRunner" time="11.305">
    <system-out><![CDATA[
Scenario Outline: Verify LLPA adjustment for Doc Type and LTV (NON-QM Expanded Doc) # src/test/java/features/LLPAAdjustments.feature:206
  Given I am on the Quick Pricer page                                               # stepdefinitions.QuickPricerSteps.i_am_on_the_quick_pricer_page()
  Then I wait for 1 seconds                                                         # stepdefinitions.LLPASteps.I_wait_for_seconds(java.lang.Integer)
  When I select the program "NON-QM Expanded Doc"                                   # stepdefinitions.QuickPricerSteps.i_select_the_program(java.lang.String)
  Then I wait for 1 seconds                                                         # stepdefinitions.LLPASteps.I_wait_for_seconds(java.lang.Integer)
[DEBUG] Dropdown id: incomeDocType, current value: '24 mo BS', required: 'CPA P&L w/ BS'
[DEBUG] Selecting option with text: 'CPA P&L w/ BS'
[DEBUG] Selected 'CPA P&L w/ BS' for dropdown id: incomeDocType
  Then I select the Income Doc Type "CPA P&L w/ BS"                                 # stepdefinitions.LLPASteps.i_select_income_doc_type(java.lang.String)
[DEBUG] Dropdown id: loanTerm, current value: '30 Years', required: '30 Years'
[DEBUG] Value already set to '30 Years', skipping selection.
  Then I select the Loan Term "30 Years"                                            # stepdefinitions.LLPASteps.i_select_loan_term(java.lang.String)
[DEBUG] Dropdown id: loanPurpose, current value: 'Refinance Cash Out', required: 'Refinance Cash Out'
[DEBUG] Value already set to 'Refinance Cash Out', skipping selection.
  Then I select the Purpose "Refinance Cash Out"                                    # stepdefinitions.LLPASteps.i_select_purpose(java.lang.String)
[DEBUG] Dropdown id: state, current value: 'California (CA)', required: 'California (CA)'
[DEBUG] Value already set to 'California (CA)', skipping selection.
  Then I select the State "California (CA)"                                         # stepdefinitions.LLPASteps.i_select_state(java.lang.String)
[DEBUG] Dropdown id: citizenship, current value: 'US Citizen', required: 'US Citizen'
[DEBUG] Value already set to 'US Citizen', skipping selection.
  Then I select the Citizenship "US Citizen"                                        # stepdefinitions.LLPASteps.i_select_citizenship(java.lang.String)
[DEBUG] Dropdown id: propertyType, current value: 'Condo', required: 'Condo'
[DEBUG] Value already set to 'Condo', skipping selection.
  Then I select the Property Type "Condo"                                           # stepdefinitions.LLPASteps.i_select_property_type(java.lang.String)
[DEBUG] Dropdown id: numberOfProperties, current value: '1', required: '1'
[DEBUG] Value already set to '1', skipping selection.
  Then I select the # of Properties "1"                                             # stepdefinitions.LLPASteps.i_select_number_of_properties(java.lang.String)
[DEBUG] Dropdown id: numberOfUnits, current value: '1', required: '1'
[DEBUG] Value already set to '1', skipping selection.
  Then I select the # of Units "1"                                                  # stepdefinitions.LLPASteps.i_select_number_of_units(java.lang.String)
  When I set LTV to "63"                                                            # stepdefinitions.LLPASteps.i_set_ltv_to(java.lang.String)
  Then I wait for 1 seconds                                                         # stepdefinitions.LLPASteps.I_wait_for_seconds(java.lang.Integer)
  Then the LLPA adjustment should have "CPA P&L w/ BS" "" "-0.500"                  # stepdefinitions.LLPASteps.the_llpa_adjustment_should_have(java.lang.String,java.lang.String,java.lang.String)
]]></system-out>
    <system-err><![CDATA[Nov 28, 2025 8:13:41 PM org.openqa.selenium.devtools.CdpVersionFinder findNearestMatch
WARNING: Unable to find CDP implementation matching 142
Nov 28, 2025 8:13:41 PM org.openqa.selenium.chromium.ChromiumDriver lambda$new$5
WARNING: Unable to find version of CDP to use for 142.0.7444.176. You may need to include a dependency on a specific version of the CDP using something similar to `org.seleniumhq.selenium:selenium-devtools-v86:4.19.1` where the version ("v86") matches the version of the chromium-based browser you're using and the version number of the artifact is the same as Selenium's.
]]></system-err>
  </testcase>
  <testcase name="runScenario[&quot;Verify LLPA adjustment for Doc Type and LTV (NON-QM Expanded Doc)&quot;, &quot;FICO/LTV Loan Level Price Adjustments (LLPA) : NON-QM Expanded Doc&quot;](14)" classname="testrunners.TestRunner" time="16.978">
    <failure message="no such element: Unable to locate element: {&quot;method&quot;:&quot;xpath&quot;,&quot;selector&quot;:&quot;//span[contains(text(), &apos;CPA P&amp;L w/ BS&apos;)]&quot;}&#10;  (Session info: chrome=142.0.7444.176)&#10;For documentation on this error, please visit: https://www.selenium.dev/documentation/webdriver/troubleshooting/errors#no-such-element-exception&#10;Build info: version: &apos;4.19.1&apos;, revision: &apos;abe0ee07dc&apos;&#10;System info: os.name: &apos;Windows 11&apos;, os.arch: &apos;amd64&apos;, os.version: &apos;10.0&apos;, java.version: &apos;21.0.8&apos;&#10;Driver info: org.openqa.selenium.chrome.ChromeDriver&#10;Command: [67442e752b435f185bb5c552ef4308c9, findElement {using=xpath, value=//span[contains(text(), &apos;CPA P&amp;L w/ BS&apos;)]}]&#10;Capabilities {acceptInsecureCerts: false, browserName: chrome, browserVersion: 142.0.7444.176, chrome: {chromedriverVersion: 142.0.7444.175 (302067f14a4..., userDataDir: C:\Users\SJI-GO~1\AppData\L...}, fedcm:accounts: true, goog:chromeOptions: {debuggerAddress: localhost:60847}, goog:processID: 17216, networkConnectionEnabled: false, pageLoadStrategy: normal, platformName: windows, proxy: Proxy(), se:cdp: ws://localhost:60847/devtoo..., se:cdpVersion: 142.0.7444.176, setWindowRect: true, strictFileInteractability: false, timeouts: {implicit: 0, pageLoad: 300000, script: 30000}, unhandledPromptBehavior: dismiss and notify, webauthn:extension:credBlob: true, webauthn:extension:largeBlob: true, webauthn:extension:minPinLength: true, webauthn:extension:prf: true, webauthn:virtualAuthenticators: true}&#10;Session ID: 67442e752b435f185bb5c552ef4308c9" type="org.openqa.selenium.NoSuchElementException"><![CDATA[org.openqa.selenium.NoSuchElementException: 
no such element: Unable to locate element: {"method":"xpath","selector":"//span[contains(text(), 'CPA P&L w/ BS')]"}
  (Session info: chrome=142.0.7444.176)
For documentation on this error, please visit: https://www.selenium.dev/documentation/webdriver/troubleshooting/errors#no-such-element-exception
Build info: version: '4.19.1', revision: 'abe0ee07dc'
System info: os.name: 'Windows 11', os.arch: 'amd64', os.version: '10.0', java.version: '21.0.8'
Driver info: org.openqa.selenium.chrome.ChromeDriver
Command: [67442e752b435f185bb5c552ef4308c9, findElement {using=xpath, value=//span[contains(text(), 'CPA P&L w/ BS')]}]
Capabilities {acceptInsecureCerts: false, browserName: chrome, browserVersion: 142.0.7444.176, chrome: {chromedriverVersion: 142.0.7444.175 (302067f14a4..., userDataDir: C:\Users\SJI-GO~1\AppData\L...}, fedcm:accounts: true, goog:chromeOptions: {debuggerAddress: localhost:60847}, goog:processID: 17216, networkConnectionEnabled: false, pageLoadStrategy: normal, platformName: windows, proxy: Proxy(), se:cdp: ws://localhost:60847/devtoo..., se:cdpVersion: 142.0.7444.176, setWindowRect: true, strictFileInteractability: false, timeouts: {implicit: 0, pageLoad: 300000, script: 30000}, unhandledPromptBehavior: dismiss and notify, webauthn:extension:credBlob: true, webauthn:extension:largeBlob: true, webauthn:extension:minPinLength: true, webauthn:extension:prf: true, webauthn:virtualAuthenticators: true}
Session ID: 67442e752b435f185bb5c552ef4308c9
	at java.base/jdk.internal.reflect.DirectConstructorHandleAccessor.newInstance(DirectConstructorHandleAccessor.java:62)
	at java.base/java.lang.reflect.Constructor.newInstanceWithCaller(Constructor.java:502)
	at java.base/java.lang.reflect.Constructor.newInstance(Constructor.java:486)
	at org.openqa.selenium.remote.ErrorCodec.decode(ErrorCodec.java:167)
	at org.openqa.selenium.remote.codec.w3c.W3CHttpResponseCodec.decode(W3CHttpResponseCodec.java:138)
	at org.openqa.selenium.remote.codec.w3c.W3CHttpResponseCodec.decode(W3CHttpResponseCodec.java:50)
	at org.openqa.selenium.remote.HttpCommandExecutor.execute(HttpCommandExecutor.java:190)
	at org.openqa.selenium.remote.service.DriverCommandExecutor.invokeExecute(DriverCommandExecutor.java:216)
	at org.openqa.selenium.remote.service.DriverCommandExecutor.execute(DriverCommandExecutor.java:174)
	at org.openqa.selenium.remote.RemoteWebDriver.execute(RemoteWebDriver.java:518)
	at org.openqa.selenium.remote.ElementLocation$ElementFinder$2.findElement(ElementLocation.java:165)
	at org.openqa.selenium.remote.ElementLocation.findElement(ElementLocation.java:59)
	at org.openqa.selenium.remote.RemoteWebDriver.findElement(RemoteWebDriver.java:355)
	at org.openqa.selenium.remote.RemoteWebDriver.findElement(RemoteWebDriver.java:349)
	at stepdefinitions.LLPASteps.selectDropdownByIdAndText(LLPASteps.java:209)
	at stepdefinitions.LLPASteps.i_select_income_doc_type(LLPASteps.java:157)
	at ✽.I select the Income Doc Type "CPA P&L w/ BS"(file:///C:/Users/SJI-GOA-18/Documents/Automation/QuickPricerBDD/src/test/java/features/LLPAAdjustments.feature:180)
]]></failure>
    <system-out><![CDATA[
Scenario Outline: Verify LLPA adjustment for Doc Type and LTV (NON-QM Expanded Doc) # src/test/java/features/LLPAAdjustments.feature:207
  Given I am on the Quick Pricer page                                               # stepdefinitions.QuickPricerSteps.i_am_on_the_quick_pricer_page()
  Then I wait for 1 seconds                                                         # stepdefinitions.LLPASteps.I_wait_for_seconds(java.lang.Integer)
  When I select the program "NON-QM Expanded Doc"                                   # stepdefinitions.QuickPricerSteps.i_select_the_program(java.lang.String)
  Then I wait for 1 seconds                                                         # stepdefinitions.LLPASteps.I_wait_for_seconds(java.lang.Integer)
[DEBUG] Dropdown id: incomeDocType, current value: '', required: 'CPA P&L w/ BS'
  Then I select the Income Doc Type "CPA P&L w/ BS"                                 # stepdefinitions.LLPASteps.i_select_income_doc_type(java.lang.String)
      org.openqa.selenium.NoSuchElementException: no such element: Unable to locate element: {"method":"xpath","selector":"//span[contains(text(), 'CPA P&L w/ BS')]"}
  (Session info: chrome=142.0.7444.176)
For documentation on this error, please visit: https://www.selenium.dev/documentation/webdriver/troubleshooting/errors#no-such-element-exception
Build info: version: '4.19.1', revision: 'abe0ee07dc'
System info: os.name: 'Windows 11', os.arch: 'amd64', os.version: '10.0', java.version: '21.0.8'
Driver info: org.openqa.selenium.chrome.ChromeDriver
Command: [67442e752b435f185bb5c552ef4308c9, findElement {using=xpath, value=//span[contains(text(), 'CPA P&L w/ BS')]}]
Capabilities {acceptInsecureCerts: false, browserName: chrome, browserVersion: 142.0.7444.176, chrome: {chromedriverVersion: 142.0.7444.175 (302067f14a4..., userDataDir: C:\Users\SJI-GO~1\AppData\L...}, fedcm:accounts: true, goog:chromeOptions: {debuggerAddress: localhost:60847}, goog:processID: 17216, networkConnectionEnabled: false, pageLoadStrategy: normal, platformName: windows, proxy: Proxy(), se:cdp: ws://localhost:60847/devtoo..., se:cdpVersion: 142.0.7444.176, setWindowRect: true, strictFileInteractability: false, timeouts: {implicit: 0, pageLoad: 300000, script: 30000}, unhandledPromptBehavior: dismiss and notify, webauthn:extension:credBlob: true, webauthn:extension:largeBlob: true, webauthn:extension:minPinLength: true, webauthn:extension:prf: true, webauthn:virtualAuthenticators: true}
Session ID: 67442e752b435f185bb5c552ef4308c9
	at java.base/jdk.internal.reflect.DirectConstructorHandleAccessor.newInstance(DirectConstructorHandleAccessor.java:62)
	at java.base/java.lang.reflect.Constructor.newInstanceWithCaller(Constructor.java:502)
	at java.base/java.lang.reflect.Constructor.newInstance(Constructor.java:486)
	at org.openqa.selenium.remote.ErrorCodec.decode(ErrorCodec.java:167)
	at org.openqa.selenium.remote.codec.w3c.W3CHttpResponseCodec.decode(W3CHttpResponseCodec.java:138)
	at org.openqa.selenium.remote.codec.w3c.W3CHttpResponseCodec.decode(W3CHttpResponseCodec.java:50)
	at org.openqa.selenium.remote.HttpCommandExecutor.execute(HttpCommandExecutor.java:190)
	at org.openqa.selenium.remote.service.DriverCommandExecutor.invokeExecute(DriverCommandExecutor.java:216)
	at org.openqa.selenium.remote.service.DriverCommandExecutor.execute(DriverCommandExecutor.java:174)
	at org.openqa.selenium.remote.RemoteWebDriver.execute(RemoteWebDriver.java:518)
	at org.openqa.selenium.remote.ElementLocation$ElementFinder$2.findElement(ElementLocation.java:165)
	at org.openqa.selenium.remote.ElementLocation.findElement(ElementLocation.java:59)
	at org.openqa.selenium.remote.RemoteWebDriver.findElement(RemoteWebDriver.java:355)
	at org.openqa.selenium.remote.RemoteWebDriver.findElement(RemoteWebDriver.java:349)
	at stepdefinitions.LLPASteps.selectDropdownByIdAndText(LLPASteps.java:209)
	at stepdefinitions.LLPASteps.i_select_income_doc_type(LLPASteps.java:157)
	at ✽.I select the Income Doc Type "CPA P&L w/ BS"(file:///C:/Users/SJI-GOA-18/Documents/Automation/QuickPricerBDD/src/test/java/features/LLPAAdjustments.feature:180)

  Then I select the Loan Term "30 Years"                                            # stepdefinitions.LLPASteps.i_select_loan_term(java.lang.String)
  Then I select the Purpose "Refinance Cash Out"                                    # stepdefinitions.LLPASteps.i_select_purpose(java.lang.String)
  Then I select the State "California (CA)"                                         # stepdefinitions.LLPASteps.i_select_state(java.lang.String)
  Then I select the Citizenship "US Citizen"                                        # stepdefinitions.LLPASteps.i_select_citizenship(java.lang.String)
  Then I select the Property Type "Condo"                                           # stepdefinitions.LLPASteps.i_select_property_type(java.lang.String)
  Then I select the # of Properties "1"                                             # stepdefinitions.LLPASteps.i_select_number_of_properties(java.lang.String)
  Then I select the # of Units "1"                                                  # stepdefinitions.LLPASteps.i_select_number_of_units(java.lang.String)
  When I set LTV to "68"                                                            # stepdefinitions.LLPASteps.i_set_ltv_to(java.lang.String)
  Then I wait for 1 seconds                                                         # stepdefinitions.LLPASteps.I_wait_for_seconds(java.lang.Integer)
  Then the LLPA adjustment should have "CPA P&L w/ BS" "" "-0.500"                  # stepdefinitions.LLPASteps.the_llpa_adjustment_should_have(java.lang.String,java.lang.String,java.lang.String)
]]></system-out>
    <system-err><![CDATA[Nov 28, 2025 8:13:52 PM org.openqa.selenium.devtools.CdpVersionFinder findNearestMatch
WARNING: Unable to find CDP implementation matching 142
Nov 28, 2025 8:13:52 PM org.openqa.selenium.chromium.ChromiumDriver lambda$new$5
WARNING: Unable to find version of CDP to use for 142.0.7444.176. You may need to include a dependency on a specific version of the CDP using something similar to `org.seleniumhq.selenium:selenium-devtools-v86:4.19.1` where the version ("v86") matches the version of the chromium-based browser you're using and the version number of the artifact is the same as Selenium's.
]]></system-err>
  </testcase>
  <testcase name="runScenario[&quot;Verify LLPA adjustment for Doc Type and LTV (NON-QM Expanded Doc)&quot;, &quot;FICO/LTV Loan Level Price Adjustments (LLPA) : NON-QM Expanded Doc&quot;](15)" classname="testrunners.TestRunner" time="10.17">
    <system-out><![CDATA[
Scenario Outline: Verify LLPA adjustment for Doc Type and LTV (NON-QM Expanded Doc) # src/test/java/features/LLPAAdjustments.feature:208
  Given I am on the Quick Pricer page                                               # stepdefinitions.QuickPricerSteps.i_am_on_the_quick_pricer_page()
  Then I wait for 1 seconds                                                         # stepdefinitions.LLPASteps.I_wait_for_seconds(java.lang.Integer)
  When I select the program "NON-QM Expanded Doc"                                   # stepdefinitions.QuickPricerSteps.i_select_the_program(java.lang.String)
  Then I wait for 1 seconds                                                         # stepdefinitions.LLPASteps.I_wait_for_seconds(java.lang.Integer)
[DEBUG] Dropdown id: incomeDocType, current value: '24 mo BS', required: 'CPA P&L w/ BS'
[DEBUG] Selecting option with text: 'CPA P&L w/ BS'
[DEBUG] Selected 'CPA P&L w/ BS' for dropdown id: incomeDocType
  Then I select the Income Doc Type "CPA P&L w/ BS"                                 # stepdefinitions.LLPASteps.i_select_income_doc_type(java.lang.String)
[DEBUG] Dropdown id: loanTerm, current value: '30 Years', required: '30 Years'
[DEBUG] Value already set to '30 Years', skipping selection.
  Then I select the Loan Term "30 Years"                                            # stepdefinitions.LLPASteps.i_select_loan_term(java.lang.String)
[DEBUG] Dropdown id: loanPurpose, current value: 'Refinance Cash Out', required: 'Refinance Cash Out'
[DEBUG] Value already set to 'Refinance Cash Out', skipping selection.
  Then I select the Purpose "Refinance Cash Out"                                    # stepdefinitions.LLPASteps.i_select_purpose(java.lang.String)
[DEBUG] Dropdown id: state, current value: 'California (CA)', required: 'California (CA)'
[DEBUG] Value already set to 'California (CA)', skipping selection.
  Then I select the State "California (CA)"                                         # stepdefinitions.LLPASteps.i_select_state(java.lang.String)
[DEBUG] Dropdown id: citizenship, current value: 'US Citizen', required: 'US Citizen'
[DEBUG] Value already set to 'US Citizen', skipping selection.
  Then I select the Citizenship "US Citizen"                                        # stepdefinitions.LLPASteps.i_select_citizenship(java.lang.String)
[DEBUG] Dropdown id: propertyType, current value: 'Condo', required: 'Condo'
[DEBUG] Value already set to 'Condo', skipping selection.
  Then I select the Property Type "Condo"                                           # stepdefinitions.LLPASteps.i_select_property_type(java.lang.String)
[DEBUG] Dropdown id: numberOfProperties, current value: '1', required: '1'
[DEBUG] Value already set to '1', skipping selection.
  Then I select the # of Properties "1"                                             # stepdefinitions.LLPASteps.i_select_number_of_properties(java.lang.String)
[DEBUG] Dropdown id: numberOfUnits, current value: '1', required: '1'
[DEBUG] Value already set to '1', skipping selection.
  Then I select the # of Units "1"                                                  # stepdefinitions.LLPASteps.i_select_number_of_units(java.lang.String)
  When I set LTV to "73"                                                            # stepdefinitions.LLPASteps.i_set_ltv_to(java.lang.String)
  Then I wait for 1 seconds                                                         # stepdefinitions.LLPASteps.I_wait_for_seconds(java.lang.Integer)
  Then the LLPA adjustment should have "CPA P&L w/ BS" "" "-0.500"                  # stepdefinitions.LLPASteps.the_llpa_adjustment_should_have(java.lang.String,java.lang.String,java.lang.String)
]]></system-out>
    <system-err><![CDATA[Nov 28, 2025 8:14:09 PM org.openqa.selenium.devtools.CdpVersionFinder findNearestMatch
WARNING: Unable to find CDP implementation matching 142
Nov 28, 2025 8:14:09 PM org.openqa.selenium.chromium.ChromiumDriver lambda$new$5
WARNING: Unable to find version of CDP to use for 142.0.7444.176. You may need to include a dependency on a specific version of the CDP using something similar to `org.seleniumhq.selenium:selenium-devtools-v86:4.19.1` where the version ("v86") matches the version of the chromium-based browser you're using and the version number of the artifact is the same as Selenium's.
]]></system-err>
  </testcase>
  <testcase name="runScenario[&quot;Verify LLPA adjustment for Doc Type and LTV (NON-QM Expanded Doc)&quot;, &quot;FICO/LTV Loan Level Price Adjustments (LLPA) : NON-QM Expanded Doc&quot;](16)" classname="testrunners.TestRunner" time="9.915">
    <system-out><![CDATA[
Scenario Outline: Verify LLPA adjustment for Doc Type and LTV (NON-QM Expanded Doc) # src/test/java/features/LLPAAdjustments.feature:209
  Given I am on the Quick Pricer page                                               # stepdefinitions.QuickPricerSteps.i_am_on_the_quick_pricer_page()
  Then I wait for 1 seconds                                                         # stepdefinitions.LLPASteps.I_wait_for_seconds(java.lang.Integer)
  When I select the program "NON-QM Expanded Doc"                                   # stepdefinitions.QuickPricerSteps.i_select_the_program(java.lang.String)
  Then I wait for 1 seconds                                                         # stepdefinitions.LLPASteps.I_wait_for_seconds(java.lang.Integer)
[DEBUG] Dropdown id: incomeDocType, current value: '24 mo BS', required: 'CPA P&L w/ BS'
[DEBUG] Selecting option with text: 'CPA P&L w/ BS'
[DEBUG] Selected 'CPA P&L w/ BS' for dropdown id: incomeDocType
  Then I select the Income Doc Type "CPA P&L w/ BS"                                 # stepdefinitions.LLPASteps.i_select_income_doc_type(java.lang.String)
[DEBUG] Dropdown id: loanTerm, current value: '30 Years', required: '30 Years'
[DEBUG] Value already set to '30 Years', skipping selection.
  Then I select the Loan Term "30 Years"                                            # stepdefinitions.LLPASteps.i_select_loan_term(java.lang.String)
[DEBUG] Dropdown id: loanPurpose, current value: 'Refinance Cash Out', required: 'Refinance Cash Out'
[DEBUG] Value already set to 'Refinance Cash Out', skipping selection.
  Then I select the Purpose "Refinance Cash Out"                                    # stepdefinitions.LLPASteps.i_select_purpose(java.lang.String)
[DEBUG] Dropdown id: state, current value: 'California (CA)', required: 'California (CA)'
[DEBUG] Value already set to 'California (CA)', skipping selection.
  Then I select the State "California (CA)"                                         # stepdefinitions.LLPASteps.i_select_state(java.lang.String)
[DEBUG] Dropdown id: citizenship, current value: 'US Citizen', required: 'US Citizen'
[DEBUG] Value already set to 'US Citizen', skipping selection.
  Then I select the Citizenship "US Citizen"                                        # stepdefinitions.LLPASteps.i_select_citizenship(java.lang.String)
[DEBUG] Dropdown id: propertyType, current value: 'Condo', required: 'Condo'
[DEBUG] Value already set to 'Condo', skipping selection.
  Then I select the Property Type "Condo"                                           # stepdefinitions.LLPASteps.i_select_property_type(java.lang.String)
[DEBUG] Dropdown id: numberOfProperties, current value: '1', required: '1'
[DEBUG] Value already set to '1', skipping selection.
  Then I select the # of Properties "1"                                             # stepdefinitions.LLPASteps.i_select_number_of_properties(java.lang.String)
[DEBUG] Dropdown id: numberOfUnits, current value: '1', required: '1'
[DEBUG] Value already set to '1', skipping selection.
  Then I select the # of Units "1"                                                  # stepdefinitions.LLPASteps.i_select_number_of_units(java.lang.String)
  When I set LTV to "78"                                                            # stepdefinitions.LLPASteps.i_set_ltv_to(java.lang.String)
  Then I wait for 1 seconds                                                         # stepdefinitions.LLPASteps.I_wait_for_seconds(java.lang.Integer)
  Then the LLPA adjustment should have "CPA P&L w/ BS" "" "-0.625"                  # stepdefinitions.LLPASteps.the_llpa_adjustment_should_have(java.lang.String,java.lang.String,java.lang.String)
]]></system-out>
    <system-err><![CDATA[Nov 28, 2025 8:14:20 PM org.openqa.selenium.devtools.CdpVersionFinder findNearestMatch
[...]
[DEBUG] Value already set to '1', skipping selection.
  Then I select the # of Units "1"                                                  # stepdefinitions.LLPASteps.i_select_number_of_units(java.lang.String)
  When I set LTV to "68"                                                            # stepdefinitions.LLPASteps.i_set_ltv_to(java.lang.String)
  Then I wait for 1 seconds                                                         # stepdefinitions.LLPASteps.I_wait_for_seconds(java.lang.Integer)
  Then the LLPA adjustment should have "Asset Util / WVOE / 12 mo BS" "" "0.000"    # stepdefinitions.LLPASteps.the_llpa_adjustment_should_have(java.lang.String,java.lang.String,java.lang.String)
]]></system-out>
    <system-err><![CDATA[Nov 28, 2025 8:17:02 PM org.openqa.selenium.devtools.CdpVersionFinder findNearestMatch
WARNING: Unable to find CDP implementation matching 142
Nov 28, 2025 8:17:02 PM org.openqa.selenium.chromium.ChromiumDriver lambda$new$5
WARNING: Unable to find version of CDP to use for 142.0.7444.176. You may need to include a dependency on a specific version of the CDP using something similar to `org.seleniumhq.selenium:selenium-devtools-v86:4.19.1` where the version ("v86") matches the version of the chromium-based browser you're using and the version number of the artifact is the same as Selenium's.
]]></system-err>
  </testcase>
  <testcase name="runScenario[&quot;Verify LLPA adjustment for Doc Type and LTV (NON-QM Expanded Doc)&quot;, &quot;FICO/LTV Loan Level Price Adjustments (LLPA) : NON-QM Expanded Doc&quot;](33)" classname="testrunners.TestRunner" time="10.216">
    <system-out><![CDATA[
Scenario Outline: Verify LLPA adjustment for Doc Type and LTV (NON-QM Expanded Doc) # src/test/java/features/LLPAAdjustments.feature:226
  Given I am on the Quick Pricer page                                               # stepdefinitions.QuickPricerSteps.i_am_on_the_quick_pricer_page()
  Then I wait for 1 seconds                                                         # stepdefinitions.LLPASteps.I_wait_for_seconds(java.lang.Integer)
  When I select the program "NON-QM Expanded Doc"                                   # stepdefinitions.QuickPricerSteps.i_select_the_program(java.lang.String)
  Then I wait for 1 seconds                                                         # stepdefinitions.LLPASteps.I_wait_for_seconds(java.lang.Integer)
[DEBUG] Dropdown id: incomeDocType, current value: '24 mo BS', required: 'Asset Util / WVOE / 12 mo BS'
[DEBUG] Selecting option with text: 'Asset Util / WVOE / 12 mo BS'
[DEBUG] Selected 'Asset Util / WVOE / 12 mo BS' for dropdown id: incomeDocType
  Then I select the Income Doc Type "Asset Util / WVOE / 12 mo BS"                  # stepdefinitions.LLPASteps.i_select_income_doc_type(java.lang.String)
[DEBUG] Dropdown id: loanTerm, current value: '30 Years', required: '30 Years'
[DEBUG] Value already set to '30 Years', skipping selection.
  Then I select the Loan Term "30 Years"                                            # stepdefinitions.LLPASteps.i_select_loan_term(java.lang.String)
[DEBUG] Dropdown id: loanPurpose, current value: 'Refinance Cash Out', required: 'Refinance Cash Out'
[DEBUG] Value already set to 'Refinance Cash Out', skipping selection.
  Then I select the Purpose "Refinance Cash Out"                                    # stepdefinitions.LLPASteps.i_select_purpose(java.lang.String)
[DEBUG] Dropdown id: state, current value: 'California (CA)', required: 'California (CA)'
[DEBUG] Value already set to 'California (CA)', skipping selection.
  Then I select the State "California (CA)"                                         # stepdefinitions.LLPASteps.i_select_state(java.lang.String)
[DEBUG] Dropdown id: citizenship, current value: 'US Citizen', required: 'US Citizen'
[DEBUG] Value already set to 'US Citizen', skipping selection.
  Then I select the Citizenship "US Citizen"                                        # stepdefinitions.LLPASteps.i_select_citizenship(java.lang.String)
[DEBUG] Dropdown id: propertyType, current value: 'Condo', required: 'Condo'
[DEBUG] Value already set to 'Condo', skipping selection.
  Then I select the Property Type "Condo"                                           # stepdefinitions.LLPASteps.i_select_property_type(java.lang.String)
[DEBUG] Dropdown id: numberOfProperties, current value: '1', required: '1'
[DEBUG] Value already set to '1', skipping selection.
  Then I select the # of Properties "1"                                             # stepdefinitions.LLPASteps.i_select_number_of_properties(java.lang.String)
[DEBUG] Dropdown id: numberOfUnits, current value: '1', required: '1'
[DEBUG] Value already set to '1', skipping selection.
  Then I select the # of Units "1"                                                  # stepdefinitions.LLPASteps.i_select_number_of_units(java.lang.String)
  When I set LTV to "73"                                                            # stepdefinitions.LLPASteps.i_set_ltv_to(java.lang.String)
  Then I wait for 1 seconds                                                         # stepdefinitions.LLPASteps.I_wait_for_seconds(java.lang.Integer)
  Then the LLPA adjustment should have "Asset Util / WVOE / 12 mo BS" "" "0.000"    # stepdefinitions.LLPASteps.the_llpa_adjustment_should_have(java.lang.String,java.lang.String,java.lang.String)
]]></system-out>
    <system-err><![CDATA[Nov 28, 2025 8:17:12 PM org.openqa.selenium.devtools.CdpVersionFinder findNearestMatch
WARNING: Unable to find CDP implementation matching 142
Nov 28, 2025 8:17:12 PM org.openqa.selenium.chromium.ChromiumDriver lambda$new$5
WARNING: Unable to find version of CDP to use for 142.0.7444.176. You may need to include a dependency on a specific version of the CDP using something similar to `org.seleniumhq.selenium:selenium-devtools-v86:4.19.1` where the version ("v86") matches the version of the chromium-based browser you're using and the version number of the artifact is the same as Selenium's.
]]></system-err>
  </testcase>
  <testcase name="runScenario[&quot;Verify LLPA adjustment for Doc Type and LTV (NON-QM Expanded Doc)&quot;, &quot;FICO/LTV Loan Level Price Adjustments (LLPA) : NON-QM Expanded Doc&quot;](34)" classname="testrunners.TestRunner" time="9.641">
    <system-out><![CDATA[
Scenario Outline: Verify LLPA adjustment for Doc Type and LTV (NON-QM Expanded Doc) # src/test/java/features/LLPAAdjustments.feature:227
  Given I am on the Quick Pricer page                                               # stepdefinitions.QuickPricerSteps.i_am_on_the_quick_pricer_page()
  Then I wait for 1 seconds                                                         # stepdefinitions.LLPASteps.I_wait_for_seconds(java.lang.Integer)
  When I select the program "NON-QM Expanded Doc"                                   # stepdefinitions.QuickPricerSteps.i_select_the_program(java.lang.String)
  Then I wait for 1 seconds                                                         # stepdefinitions.LLPASteps.I_wait_for_seconds(java.lang.Integer)
[DEBUG] Dropdown id: incomeDocType, current value: '24 mo BS', required: 'Asset Util / WVOE / 12 mo BS'
[DEBUG] Selecting option with text: 'Asset Util / WVOE / 12 mo BS'
[DEBUG] Selected 'Asset Util / WVOE / 12 mo BS' for dropdown id: incomeDocType
  Then I select the Income Doc Type "Asset Util / WVOE / 12 mo BS"                  # stepdefinitions.LLPASteps.i_select_income_doc_type(java.lang.String)
[DEBUG] Dropdown id: loanTerm, current value: '30 Years', required: '30 Years'
[DEBUG] Value already set to '30 Years', skipping selection.
  Then I select the Loan Term "30 Years"                                            # stepdefinitions.LLPASteps.i_select_loan_term(java.lang.String)
[DEBUG] Dropdown id: loanPurpose, current value: 'Refinance Cash Out', required: 'Refinance Cash Out'
[DEBUG] Value already set to 'Refinance Cash Out', skipping selection.
  Then I select the Purpose "Refinance Cash Out"                                    # stepdefinitions.LLPASteps.i_select_purpose(java.lang.String)
[DEBUG] Dropdown id: state, current value: 'California (CA)', required: 'California (CA)'
[DEBUG] Value already set to 'California (CA)', skipping selection.
  Then I select the State "California (CA)"                                         # stepdefinitions.LLPASteps.i_select_state(java.lang.String)
[DEBUG] Dropdown id: citizenship, current value: 'US Citizen', required: 'US Citizen'
[DEBUG] Value already set to 'US Citizen', skipping selection.
  Then I select the Citizenship "US Citizen"                                        # stepdefinitions.LLPASteps.i_select_citizenship(java.lang.String)
[DEBUG] Dropdown id: propertyType, current value: 'Condo', required: 'Condo'
[DEBUG] Value already set to 'Condo', skipping selection.
  Then I select the Property Type "Condo"                                           # stepdefinitions.LLPASteps.i_select_property_type(java.lang.String)
[DEBUG] Dropdown id: numberOfProperties, current value: '1', required: '1'
[DEBUG] Value already set to '1', skipping selection.
  Then I select the # of Properties "1"                                             # stepdefinitions.LLPASteps.i_select_number_of_properties(java.lang.String)
[DEBUG] Dropdown id: numberOfUnits, current value: '1', required: '1'
[DEBUG] Value already set to '1', skipping selection.
  Then I select the # of Units "1"                                                  # stepdefinitions.LLPASteps.i_select_number_of_units(java.lang.String)
  When I set LTV to "78"                                                            # stepdefinitions.LLPASteps.i_set_ltv_to(java.lang.String)
  Then I wait for 1 seconds                                                         # stepdefinitions.LLPASteps.I_wait_for_seconds(java.lang.Integer)
  Then the LLPA adjustment should have "Asset Util / WVOE / 12 mo BS" "" "0.000"    # stepdefinitions.LLPASteps.the_llpa_adjustment_should_have(java.lang.String,java.lang.String,java.lang.String)
]]></system-out>
    <system-err><![CDATA[Nov 28, 2025 8:17:23 PM org.openqa.selenium.devtools.CdpVersionFinder findNearestMatch
WARNING: Unable to find CDP implementation matching 142
Nov 28, 2025 8:17:23 PM org.openqa.selenium.chromium.ChromiumDriver lambda$new$5
WARNING: Unable to find version of CDP to use for 142.0.7444.176. You may need to include a dependency on a specific version of the CDP using something similar to `org.seleniumhq.selenium:selenium-devtools-v86:4.19.1` where the version ("v86") matches the version of the chromium-based browser you're using and the version number of the artifact is the same as Selenium's.
]]></system-err>
  </testcase>
  <testcase name="runScenario[&quot;Verify LLPA adjustment for Doc Type and LTV (NON-QM Expanded Doc)&quot;, &quot;FICO/LTV Loan Level Price Adjustments (LLPA) : NON-QM Expanded Doc&quot;](35)" classname="testrunners.TestRunner" time="10.271">
    <system-out><![CDATA[
Scenario Outline: Verify LLPA adjustment for Doc Type and LTV (NON-QM Expanded Doc) # src/test/java/features/LLPAAdjustments.feature:228
  Given I am on the Quick Pricer page                                               # stepdefinitions.QuickPricerSteps.i_am_on_the_quick_pricer_page()
  Then I wait for 1 seconds                                                         # stepdefinitions.LLPASteps.I_wait_for_seconds(java.lang.Integer)
  When I select the program "NON-QM Expanded Doc"                                   # stepdefinitions.QuickPricerSteps.i_select_the_program(java.lang.String)
  Then I wait for 1 seconds                                                         # stepdefinitions.LLPASteps.I_wait_for_seconds(java.lang.Integer)
[DEBUG] Dropdown id: incomeDocType, current value: '24 mo BS', required: 'Asset Util / WVOE / 12 mo BS'
[DEBUG] Selecting option with text: 'Asset Util / WVOE / 12 mo BS'
[DEBUG] Selected 'Asset Util / WVOE / 12 mo BS' for dropdown id: incomeDocType
  Then I select the Income Doc Type "Asset Util / WVOE / 12 mo BS"                  # stepdefinitions.LLPASteps.i_select_income_doc_type(java.lang.String)
[DEBUG] Dropdown id: loanTerm, current value: '30 Years', required: '30 Years'
[DEBUG] Value already set to '30 Years', skipping selection.
  Then I select the Loan Term "30 Years"                                            # stepdefinitions.LLPASteps.i_select_loan_term(java.lang.String)
[DEBUG] Dropdown id: loanPurpose, current value: 'Refinance Cash Out', required: 'Refinance Cash Out'
[DEBUG] Value already set to 'Refinance Cash Out', skipping selection.
  Then I select the Purpose "Refinance Cash Out"                                    # stepdefinitions.LLPASteps.i_select_purpose(java.lang.String)
[DEBUG] Dropdown id: state, current value: 'California (CA)', required: 'California (CA)'
[DEBUG] Value already set to 'California (CA)', skipping selection.
  Then I select the State "California (CA)"                                         # stepdefinitions.LLPASteps.i_select_state(java.lang.String)
[DEBUG] Dropdown id: citizenship, current value: 'US Citizen', required: 'US Citizen'
[DEBUG] Value already set to 'US Citizen', skipping selection.
  Then I select the Citizenship "US Citizen"                                        # stepdefinitions.LLPASteps.i_select_citizenship(java.lang.String)
[DEBUG] Dropdown id: propertyType, current value: 'Condo', required: 'Condo'
[DEBUG] Value already set to 'Condo', skipping selection.
  Then I select the Property Type "Condo"                                           # stepdefinitions.LLPASteps.i_select_property_type(java.lang.String)
[DEBUG] Dropdown id: numberOfProperties, current value: '1', required: '1'
[DEBUG] Value already set to '1', skipping selection.
  Then I select the # of Properties "1"                                             # stepdefinitions.LLPASteps.i_select_number_of_properties(java.lang.String)
[DEBUG] Dropdown id: numberOfUnits, current value: '1', required: '1'
[DEBUG] Value already set to '1', skipping selection.
  Then I select the # of Units "1"                                                  # stepdefinitions.LLPASteps.i_select_number_of_units(java.lang.String)
  When I set LTV to "83"                                                            # stepdefinitions.LLPASteps.i_set_ltv_to(java.lang.String)
  Then I wait for 1 seconds                                                         # stepdefinitions.LLPASteps.I_wait_for_seconds(java.lang.Integer)
  Then the LLPA adjustment should have "Asset Util / WVOE / 12 mo BS" "" "0.000"    # stepdefinitions.LLPASteps.the_llpa_adjustment_should_have(java.lang.String,java.lang.String,java.lang.String)
]]></system-out>
    <system-err><![CDATA[Nov 28, 2025 8:17:32 PM org.openqa.selenium.devtools.CdpVersionFinder findNearestMatch
WARNING: Unable to find CDP implementation matching 142
Nov 28, 2025 8:17:32 PM org.openqa.selenium.chromium.ChromiumDriver lambda$new$5
WARNING: Unable to find version of CDP to use for 142.0.7444.176. You may need to include a dependency on a specific version of the CDP using something similar to `org.seleniumhq.selenium:selenium-devtools-v86:4.19.1` where the version ("v86") matches the version of the chromium-based browser you're using and the version number of the artifact is the same as Selenium's.
]]></system-err>
  </testcase>
  <testcase name="runScenario[&quot;Verify LLPA adjustment for Doc Type and LTV (NON-QM Expanded Doc)&quot;, &quot;FICO/LTV Loan Level Price Adjustments (LLPA) : NON-QM Expanded Doc&quot;](36)" classname="testrunners.TestRunner" time="10.176">
    <system-out><![CDATA[
Scenario Outline: Verify LLPA adjustment for Doc Type and LTV (NON-QM Expanded Doc) # src/test/java/features/LLPAAdjustments.feature:229
  Given I am on the Quick Pricer page                                               # stepdefinitions.QuickPricerSteps.i_am_on_the_quick_pricer_page()
  Then I wait for 1 seconds                                                         # stepdefinitions.LLPASteps.I_wait_for_seconds(java.lang.Integer)
  When I select the program "NON-QM Expanded Doc"                                   # stepdefinitions.QuickPricerSteps.i_select_the_program(java.lang.String)
  Then I wait for 1 seconds                                                         # stepdefinitions.LLPASteps.I_wait_for_seconds(java.lang.Integer)
[DEBUG] Dropdown id: incomeDocType, current value: '24 mo BS', required: 'Asset Util / WVOE / 12 mo BS'
[DEBUG] Selecting option with text: 'Asset Util / WVOE / 12 mo BS'
[DEBUG] Selected 'Asset Util / WVOE / 12 mo BS' for dropdown id: incomeDocType
  Then I select the Income Doc Type "Asset Util / WVOE / 12 mo BS"                  # stepdefinitions.LLPASteps.i_select_income_doc_type(java.lang.String)
[DEBUG] Dropdown id: loanTerm, current value: '30 Years', required: '30 Years'
[DEBUG] Value already set to '30 Years', skipping selection.
  Then I select the Loan Term "30 Years"                                            # stepdefinitions.LLPASteps.i_select_loan_term(java.lang.String)
[DEBUG] Dropdown id: loanPurpose, current value: 'Refinance Cash Out', required: 'Refinance Cash Out'
[DEBUG] Value already set to 'Refinance Cash Out', skipping selection.
  Then I select the Purpose "Refinance Cash Out"                                    # stepdefinitions.LLPASteps.i_select_purpose(java.lang.String)
[DEBUG] Dropdown id: state, current value: 'California (CA)', required: 'California (CA)'
[DEBUG] Value already set to 'California (CA)', skipping selection.
  Then I select the State "California (CA)"                                         # stepdefinitions.LLPASteps.i_select_state(java.lang.String)
[DEBUG] Dropdown id: citizenship, current value: 'US Citizen', required: 'US Citizen'
[DEBUG] Value already set to 'US Citizen', skipping selection.
  Then I select the Citizenship "US Citizen"                                        # stepdefinitions.LLPASteps.i_select_citizenship(java.lang.String)
[DEBUG] Dropdown id: propertyType, current value: 'Condo', required: 'Condo'
[DEBUG] Value already set to 'Condo', skipping selection.
  Then I select the Property Type "Condo"                                           # stepdefinitions.LLPASteps.i_select_property_type(java.lang.String)
[DEBUG] Dropdown id: numberOfProperties, current value: '1', required: '1'
[DEBUG] Value already set to '1', skipping selection.
  Then I select the # of Properties "1"                                             # stepdefinitions.LLPASteps.i_select_number_of_properties(java.lang.String)
[DEBUG] Dropdown id: numberOfUnits, current value: '1', required: '1'
[DEBUG] Value already set to '1', skipping selection.
  Then I select the # of Units "1"                                                  # stepdefinitions.LLPASteps.i_select_number_of_units(java.lang.String)
  When I set LTV to "88"                                                            # stepdefinitions.LLPASteps.i_set_ltv_to(java.lang.String)
  Then I wait for 1 seconds                                                         # stepdefinitions.LLPASteps.I_wait_for_seconds(java.lang.Integer)
  Then the LLPA adjustment should have "Asset Util / WVOE / 12 mo BS" "" "0.000"    # stepdefinitions.LLPASteps.the_llpa_adjustment_should_have(java.lang.String,java.lang.String,java.lang.String)
]]></system-out>
    <system-err><![CDATA[Nov 28, 2025 8:17:43 PM org.openqa.selenium.devtools.CdpVersionFinder findNearestMatch
WARNING: Unable to find CDP implementation matching 142
Nov 28, 2025 8:17:43 PM org.openqa.selenium.chromium.ChromiumDriver lambda$new$5
WARNING: Unable to find version of CDP to use for 142.0.7444.176. You may need to include a dependency on a specific version of the CDP using something similar to `org.seleniumhq.selenium:selenium-devtools-v86:4.19.1` where the version ("v86") matches the version of the chromium-based browser you're using and the version number of the artifact is the same as Selenium's.
]]></system-err>
  </testcase>
</testsuite>