<?xml version="1.0" encoding="UTF-8"?>
<testng-results ignored="0" total="1" passed="1" failed="0" skipped="0">
  <reporter-output>
  </reporter-output>
  <suite started-at="2025-12-15T15:57:38 IST" name="Cucumber Suite" finished-at="2025-12-15T15:58:01 IST" duration-ms="22851">
    <groups>
      <group name="cucumber">
        <method signature="AbstractTestNGCucumberTests.runScenario(io.cucumber.testng.PickleWrapper,io.cucumber.testng.FeatureWrapper)[pri:0, instance:testrunners.TestRunner@130d63be]" name="runScenario" class="io.cucumber.testng.AbstractTestNGCucumberTests"/>
      </group> <!-- cucumber -->
    </groups>
    <test started-at="2025-12-15T15:57:38 IST" name="Cucumber Tests" finished-at="2025-12-15T15:58:01 IST" duration-ms="22851">
      <class name="testrunners.TestRunner">
        <test-method is-config="true" signature="setUpClass(org.testng.ITestContext)[pri:0, instance:testrunners.TestRunner@130d63be]" started-at="2025-12-15T15:57:38 IST" name="setUpClass" finished-at="2025-12-15T15:57:39 IST" duration-ms="733" status="PASS">
          <params>
            <param index="0">
              <value>
                <![CDATA[org.testng.TestRunner@66d18979]]>
              </value>
            </param>
          </params>
          <reporter-output>
          </reporter-output>
        </test-method> <!-- setUpClass -->
        <test-method signature="runScenario(io.cucumber.testng.PickleWrapper,io.cucumber.testng.FeatureWrapper)[pri:0, instance:testrunners.TestRunner@130d63be]" started-at="2025-12-15T15:57:39 IST" name="runScenario" description="Runs Cucumber Scenarios" data-provider="scenarios" finished-at="2025-12-15T15:58:01 IST" duration-ms="21998" status="PASS">
          <params>
            <param index="0">
              <value>
                <![CDATA["Verify LLPA adjustment for DocType and LTV - NON-QM Expanded Doc"]]>
              </value>
            </param>
            <param index="1">
              <value>
                <![CDATA["FICO/LTV Loan Level Price Adjustments (LLPA) : CES NOO - NON-QM Expanded Doc"]]>
              </value>
            </param>
          </params>
          <reporter-output>
          </reporter-output>
        </test-method> <!-- runScenario -->
        <test-method is-config="true" signature="tearDownClass()[pri:0, instance:testrunners.TestRunner@130d63be]" started-at="2025-12-15T15:58:01 IST" name="tearDownClass" finished-at="2025-12-15T15:58:01 IST" duration-ms="61" status="PASS">
          <reporter-output>
          </reporter-output>
        </test-method> <!-- tearDownClass -->
      </class> <!-- testrunners.TestRunner -->
    </test> <!-- Cucumber Tests -->
  </suite> <!-- Cucumber Suite -->
</testng-results>
