<?xml version="1.0" encoding="UTF-8"?>
<testng-results ignored="0" total="1" passed="1" failed="0" skipped="0">
  <reporter-output>
  </reporter-output>
  <suite started-at="2025-11-19T19:43:53 IST" name="Surefire suite" finished-at="2025-11-19T19:44:05 IST" duration-ms="12009">
    <groups>
      <group name="cucumber">
        <method signature="AbstractTestNGCucumberTests.runScenario(io.cucumber.testng.PickleWrapper,io.cucumber.testng.FeatureWrapper)[pri:0, instance:testrunners.TestRunner@3f197a46]" name="runScenario" class="io.cucumber.testng.AbstractTestNGCucumberTests"/>
      </group> <!-- cucumber -->
    </groups>
    <test started-at="2025-11-19T19:43:53 IST" name="Surefire test" finished-at="2025-11-19T19:44:05 IST" duration-ms="12009">
      <class name="testrunners.TestRunner">
        <test-method is-config="true" signature="setUpClass(org.testng.ITestContext)[pri:0, instance:testrunners.TestRunner@3f197a46]" started-at="2025-11-19T19:43:53 IST" name="setUpClass" finished-at="2025-11-19T19:43:54 IST" duration-ms="661" status="PASS">
          <params>
            <param index="0">
              <value>
                <![CDATA[org.testng.TestRunner@ebd06a9]]>
              </value>
            </param>
          </params>
          <reporter-output>
          </reporter-output>
        </test-method> <!-- setUpClass -->
        <test-method signature="runScenario(io.cucumber.testng.PickleWrapper,io.cucumber.testng.FeatureWrapper)[pri:0, instance:testrunners.TestRunner@3f197a46]" started-at="2025-11-19T19:43:54 IST" name="runScenario" description="Runs Cucumber Scenarios" data-provider="scenarios" finished-at="2025-11-19T19:44:05 IST" duration-ms="11248" status="PASS">
          <params>
            <param index="0">
              <value>
                <![CDATA["Verify LLPA adjustment for FICO and LTV"]]>
              </value>
            </param>
            <param index="1">
              <value>
                <![CDATA["FICO/LTV Loan Level Price Adjustments (LLPA)"]]>
              </value>
            </param>
          </params>
          <reporter-output>
          </reporter-output>
        </test-method> <!-- runScenario -->
        <test-method is-config="true" signature="tearDownClass()[pri:0, instance:testrunners.TestRunner@3f197a46]" started-at="2025-11-19T19:44:05 IST" name="tearDownClass" finished-at="2025-11-19T19:44:05 IST" duration-ms="43" status="PASS">
          <reporter-output>
          </reporter-output>
        </test-method> <!-- tearDownClass -->
      </class> <!-- testrunners.TestRunner -->
    </test> <!-- Surefire test -->
  </suite> <!-- Surefire suite -->
</testng-results>
