<?xml version="1.0" encoding="UTF-8"?>
<testng-results ignored="0" total="36" passed="35" failed="1" skipped="0">
  <reporter-output>
  </reporter-output>
  <suite started-at="2025-11-28T20:11:41 IST" name="Surefire suite" finished-at="2025-11-28T20:17:52 IST" duration-ms="370991">
    <groups>
      <group name="cucumber">
        <method signature="AbstractTestNGCucumberTests.runScenario(io.cucumber.testng.PickleWrapper,io.cucumber.testng.FeatureWrapper)[pri:0, instance:testrunners.TestRunner@3f197a46]" name="runScenario" class="io.cucumber.testng.AbstractTestNGCucumberTests"/>
      </group> <!-- cucumber -->
    </groups>
    <test started-at="2025-11-28T20:11:41 IST" name="Surefire test" finished-at="2025-11-28T20:17:52 IST" duration-ms="370991">
      <class name="testrunners.TestRunner">
        <test-method is-config="true" signature="setUpClass(org.testng.ITestContext)[pri:0, instance:testrunners.TestRunner@3f197a46]" started-at="2025-11-28T20:11:41 IST" name="setUpClass" finished-at="2025-11-28T20:11:42 IST" duration-ms="710" status="PASS">
          <params>
            <param index="0">
              <value>
                <![CDATA[org.testng.TestRunner@8ae7e03]]>
              </value>
            </param>
          </params>
          <reporter-output>
          </reporter-output>
        </test-method> <!-- setUpClass -->
        <test-method signature="runScenario(io.cucumber.testng.PickleWrapper,io.cucumber.testng.FeatureWrapper)[pri:0, instance:testrunners.TestRunner@3f197a46]" started-at="2025-11-28T20:11:42 IST" name="runScenario" description="Runs Cucumber Scenarios" data-provider="scenarios" finished-at="2025-11-28T20:11:55 IST" duration-ms="13249" status="PASS">
          <params>
            <param index="0">
              <value>
                <![CDATA["Verify LLPA adjustment for Doc Type and LTV (NON-QM Expanded Doc)"]]>
              </value>
            </param>
            <param index="1">
              <value>
                <![CDATA["FICO/LTV Loan Level Price Adjustments (LLPA) : NON-QM Expanded Doc"]]>
              </value>
            </param>
          </params>
          <reporter-output>
          </reporter-output>
        </test-method> <!-- runScenario -->
        <test-method signature="runScenario(io.cucumber.testng.PickleWrapper,io.cucumber.testng.FeatureWrapper)[pri:0, instance:testrunners.TestRunner@3f197a46]" started-at="2025-11-28T20:11:55 IST" name="runScenario" description="Runs Cucumber Scenarios" data-provider="scenarios" finished-at="2025-11-28T20:12:06 IST" duration-ms="10834" status="PASS">
          <params>
            <param index="0">
              <value>
                <![CDATA["Verify LLPA adjustment for Doc Type and LTV (NON-QM Expanded Doc)"]]>
              </value>
            </param>
            <param index="1">
              <value>
                <![CDATA["FICO/LTV Loan Level Price Adjustments (LLPA) : NON-QM Expanded Doc"]]>
              </value>
            </param>
          </params>
          <reporter-output>
          </reporter-output>
        </test-method> <!-- runScenario -->
        <test-method signature="runScenario(io.cucumber.testng.PickleWrapper,io.cucumber.testng.FeatureWrapper)[pri:0, instance:testrunners.TestRunner@3f197a46]" started-at="2025-11-28T20:12:06 IST" name="runScenario" description="Runs Cucumber Scenarios" data-provider="scenarios" finished-at="2025-11-28T20:12:15 IST" duration-ms="8868" status="PASS">
          <params>
            <param index="0">
              <value>
                <![CDATA["Verify LLPA adjustment for Doc Type and LTV (NON-QM Expanded Doc)"]]>
              </value>
            </param>
            <param index="1">
              <value>
                <![CDATA["FICO/LTV Loan Level Price Adjustments (LLPA) : NON-QM Expanded Doc"]]>
              </value>
            </param>
          </params>
          <reporter-output>
          </reporter-output>
        </test-method> <!-- runScenario -->
        <test-method signature="runScenario(io.cucumber.testng.PickleWrapper,io.cucumber.testng.FeatureWrapper)[pri:0, instance:testrunners.TestRunner@3f197a46]" started-at="2025-11-28T20:12:15 IST" name="runScenario" description="Runs Cucumber Scenarios" data-provider="scenarios" finished-at="2025-11-28T20:12:24 IST" duration-ms="9387" status="PASS">
          <params>
            <param index="0">
              <value>
                <![CDATA["Verify LLPA adjustment for Doc Type and LTV (NON-QM Expanded Doc)"]]>
              </value>
            </param>
            <param index="1">
              <value>
                <![CDATA["FICO/LTV Loan Level Price Adjustments (LLPA) : NON-QM Expanded Doc"]]>
              </value>
            </param>
          </params>
          <reporter-output>
          </reporter-output>
        </test-method> <!-- runScenario -->
        <test-method signature="runScenario(io.cucumber.testng.PickleWrapper,io.cucumber.testng.FeatureWrapper)[pri:0, instance:testrunners.TestRunner@3f197a46]" started-at="2025-11-28T20:12:24 IST" name="runScenario" description="Runs Cucumber Scenarios" data-provider="scenarios" finished-at="2025-11-28T20:12:34 IST" duration-ms="9673" status="PASS">
          <params>
            <param index="0">
              <value>
                <![CDATA["Verify LLPA adjustment for Doc Type and LTV (NON-QM Expanded Doc)"]]>
              </value>
            </param>
            <param index="1">
              <value>
                <![CDATA["FICO/LTV Loan Level Price Adjustments (LLPA) : NON-QM Expanded Doc"]]>
              </value>
            </param>
          </params>
          <reporter-output>
          </reporter-output>
        </test-method> <!-- runScenario -->
        <test-method signature="runScenario(io.cucumber.testng.PickleWrapper,io.cucumber.testng.FeatureWrapper)[pri:0, instance:testrunners.TestRunner@3f197a46]" started-at="2025-11-28T20:12:34 IST" name="runScenario" description="Runs Cucumber Scenarios" data-provider="scenarios" finished-at="2025-11-28T20:12:43 IST" duration-ms="8980" status="PASS">
          <params>
            <param index="0">
              <value>
                <![CDATA["Verify LLPA adjustment for Doc Type and LTV (NON-QM Expanded Doc)"]]>
              </value>
            </param>
            <param index="1">
              <value>
                <![CDATA["FICO/LTV Loan Level Price Adjustments (LLPA) : NON-QM Expanded Doc"]]>
              </value>
            </param>
          </params>
          <reporter-output>
          </reporter-output>
        </test-method> <!-- runScenario -->
        <test-method signature="runScenario(io.cucumber.testng.PickleWrapper,io.cucumber.testng.FeatureWrapper)[pri:0, instance:testrunners.TestRunner@3f197a46]" started-at="2025-11-28T20:12:43 IST" name="runScenario" description="Runs Cucumber Scenarios" data-provider="scenarios" finished-at="2025-11-28T20:12:53 IST" duration-ms="9979" status="PASS">
          <params>
            <param index="0">
              <value>
                <![CDATA["Verify LLPA adjustment for Doc Type and LTV (NON-QM Expanded Doc)"]]>
              </value>
            </param>
            <param index="1">
              <value>
                <![CDATA["FICO/LTV Loan Level Price Adjustments (LLPA) : NON-QM Expanded Doc"]]>
              </value>
            </param>
          </params>
          <reporter-output>
          </reporter-output>
        </test-method> <!-- runScenario -->
        <test-method signature="runScenario(io.cucumber.testng.PickleWrapper,io.cucumber.testng.FeatureWrapper)[pri:0, instance:testrunners.TestRunner@3f197a46]" started-at="2025-11-28T20:12:53 IST" name="runScenario" description="Runs Cucumber Scenarios" data-provider="scenarios" finished-at="2025-11-28T20:13:02 IST" duration-ms="8789" status="PASS">
          <params>
            <param index="0">
              <value>
                <![CDATA["Verify LLPA adjustment for Doc Type and LTV (NON-QM Expanded Doc)"]]>
              </value>
            </param>
            <param index="1">
              <value>
                <![CDATA["FICO/LTV Loan Level Price Adjustments (LLPA) : NON-QM Expanded Doc"]]>
              </value>
            </param>
          </params>
          <reporter-output>
          </reporter-output>
        </test-method> <!-- runScenario -->
        <test-method signature="runScenario(io.cucumber.testng.PickleWrapper,io.cucumber.testng.FeatureWrapper)[pri:0, instance:testrunners.TestRunner@3f197a46]" started-at="2025-11-28T20:13:02 IST" name="runScenario" description="Runs Cucumber Scenarios" data-provider="scenarios" finished-at="2025-11-28T20:13:10 IST" duration-ms="8874" status="PASS">
          <params>
            <param index="0">
              <value>
                <![CDATA["Verify LLPA adjustment for Doc Type and LTV (NON-QM Expanded Doc)"]]>
              </value>
            </param>
            <param index="1">
              <value>
                <![CDATA["FICO/LTV Loan Level Price Adjustments (LLPA) : NON-QM Expanded Doc"]]>
              </value>
            </param>
          </params>
          <reporter-output>
          </reporter-output>
        </test-method> <!-- runScenario -->
        <test-method signature="runScenario(io.cucumber.testng.PickleWrapper,io.cucumber.testng.FeatureWrapper)[pri:0, instance:testrunners.TestRunner@3f197a46]" started-at="2025-11-28T20:13:10 IST" name="runScenario" description="Runs Cucumber Scenarios" data-provider="scenarios" finished-at="2025-11-28T20:13:20 IST" duration-ms="9442" status="PASS">
          <params>
            <param index="0">
              <value>
                <![CDATA["Verify LLPA adjustment for Doc Type and LTV (NON-QM Expanded Doc)"]]>
              </value>
            </param>
            <param index="1">
              <value>
                <![CDATA["FICO/LTV Loan Level Price Adjustments (LLPA) : NON-QM Expanded Doc"]]>
              </value>
            </param>
          </params>
          <reporter-output>
          </reporter-output>
        </test-method> <!-- runScenario -->
        <test-method signature="runScenario(io.cucumber.testng.PickleWrapper,io.cucumber.testng.FeatureWrapper)[pri:0, instance:testrunners.TestRunner@3f197a46]" started-at="2025-11-28T20:13:20 IST" name="runScenario" description="Runs Cucumber Scenarios" data-provider="scenarios" finished-at="2025-11-28T20:13:30 IST" duration-ms="10384" status="PASS">
          <params>
            <param index="0">
              <value>
                <![CDATA["Verify LLPA adjustment for Doc Type and LTV (NON-QM Expanded Doc)"]]>
              </value>
            </param>
            <param index="1">
              <value>
                <![CDATA["FICO/LTV Loan Level Price Adjustments (LLPA) : NON-QM Expanded Doc"]]>
              </value>
            </param>
          </params>
          <reporter-output>
          </reporter-output>
        </test-method> <!-- runScenario -->
        <test-method signature="runScenario(io.cucumber.testng.PickleWrapper,io.cucumber.testng.FeatureWrapper)[pri:0, instance:testrunners.TestRunner@3f197a46]" started-at="2025-11-28T20:13:30 IST" name="runScenario" description="Runs Cucumber Scenarios" data-provider="scenarios" finished-at="2025-11-28T20:13:40 IST" duration-ms="10049" status="PASS">
          <params>
            <param index="0">
              <value>
                <![CDATA["Verify LLPA adjustment for Doc Type and LTV (NON-QM Expanded Doc)"]]>
              </value>
            </param>
            <param index="1">
              <value>
                <![CDATA["FICO/LTV Loan Level Price Adjustments (LLPA) : NON-QM Expanded Doc"]]>
              </value>
            </param>
          </params>
          <reporter-output>
          </reporter-output>
        </test-method> <!-- runScenario -->
        <test-method signature="runScenario(io.cucumber.testng.PickleWrapper,io.cucumber.testng.FeatureWrapper)[pri:0, instance:testrunners.TestRunner@3f197a46]" started-at="2025-11-28T20:13:40 IST" name="runScenario" description="Runs Cucumber Scenarios" data-provider="scenarios" finished-at="2025-11-28T20:13:52 IST" duration-ms="11305" status="PASS">
          <params>
            <param index="0">
              <value>
                <![CDATA["Verify LLPA adjustment for Doc Type and LTV (NON-QM Expanded Doc)"]]>
              </value>
            </param>
            <param index="1">
              <value>
                <![CDATA["FICO/LTV Loan Level Price Adjustments (LLPA) : NON-QM Expanded Doc"]]>
              </value>
            </param>
          </params>
          <reporter-output>
          </reporter-output>
        </test-method> <!-- runScenario -->
        <test-method signature="runScenario(io.cucumber.testng.PickleWrapper,io.cucumber.testng.FeatureWrapper)[pri:0, instance:testrunners.TestRunner@3f197a46]" started-at="2025-11-28T20:13:52 IST" name="runScenario" description="Runs Cucumber Scenarios" data-provider="scenarios" finished-at="2025-11-28T20:14:09 IST" duration-ms="16973" status="FAIL">
          <params>
            <param index="0">
              <value>
                <![CDATA["Verify LLPA adjustment for Doc Type and LTV (NON-QM Expanded Doc)"]]>
              </value>
            </param>
            <param index="1">
              <value>
                <![CDATA["FICO/LTV Loan Level Price Adjustments (LLPA) : NON-QM Expanded Doc"]]>
              </value>
            </param>
          </params>
          <exception class="org.openqa.selenium.NoSuchElementException">
            <message>
              <![CDATA[no such element: Unable to locate element: {"method":"xpath","selector":"//span[contains(text(), 'CPA P&L w/ BS')]"}
  (Session info: chrome=142.0.7444.176)
For documentation on this error, please visit: https://www.selenium.dev/documentation/webdriver/troubleshooting/errors#no-such-element-exception
Build info: version: '4.19.1', revision: 'abe0ee07dc'
System info: os.name: 'Windows 11', os.arch: 'amd64', os.version: '10.0', java.version: '21.0.8'
Driver info: org.openqa.selenium.chrome.ChromeDriver
Command: [67442e752b435f185bb5c552ef4308c9, findElement {using=xpath, value=//span[contains(text(), 'CPA P&L w/ BS')]}]
Capabilities {acceptInsecureCerts: false, browserName: chrome, browserVersion: 142.0.7444.176, chrome: {chromedriverVersion: 142.0.7444.175 (302067f14a4..., userDataDir: C:\Users\SJI-GO~1\AppData\L...}, fedcm:accounts: true, goog:chromeOptions: {debuggerAddress: localhost:60847}, goog:processID: 17216, networkConnectionEnabled: false, pageLoadStrategy: normal, platformName: windows, proxy: Proxy(), se:cdp: ws://localhost:60847/devtoo..., se:cdpVersion: 142.0.7444.176, setWindowRect: true, strictFileInteractability: false, timeouts: {implicit: 0, pageLoad: 300000, script: 30000}, unhandledPromptBehavior: dismiss and notify, webauthn:extension:credBlob: true, webauthn:extension:largeBlob: true, webauthn:extension:minPinLength: true, webauthn:extension:prf: true, webauthn:virtualAuthenticators: true}
Session ID: 67442e752b435f185bb5c552ef4308c9]]>
            </message>
            <full-stacktrace>
              <![CDATA[org.openqa.selenium.NoSuchElementException: no such element: Unable to locate element: {"method":"xpath","selector":"//span[contains(text(), 'CPA P&L w/ BS')]"}
  (Session info: chrome=142.0.7444.176)
For documentation on this error, please visit: https://www.selenium.dev/documentation/webdriver/troubleshooting/errors#no-such-element-exception
Build info: version: '4.19.1', revision: 'abe0ee07dc'
System info: os.name: 'Windows 11', os.arch: 'amd64', os.version: '10.0', java.version: '21.0.8'
Driver info: org.openqa.selenium.chrome.ChromeDriver
Command: [67442e752b435f185bb5c552ef4308c9, findElement {using=xpath, value=//span[contains(text(), 'CPA P&L w/ BS')]}]
Capabilities {acceptInsecureCerts: false, browserName: chrome, browserVersion: 142.0.7444.176, chrome: {chromedriverVersion: 142.0.7444.175 (302067f14a4..., userDataDir: C:\Users\SJI-GO~1\AppData\L...}, fedcm:accounts: true, goog:chromeOptions: {debuggerAddress: localhost:60847}, goog:processID: 17216, networkConnectionEnabled: false, pageLoadStrategy: normal, platformName: windows, proxy: Proxy(), se:cdp: ws://localhost:60847/devtoo..., se:cdpVersion: 142.0.7444.176, setWindowRect: true, strictFileInteractability: false, timeouts: {implicit: 0, pageLoad: 300000, script: 30000}, unhandledPromptBehavior: dismiss and notify, webauthn:extension:credBlob: true, webauthn:extension:largeBlob: true, webauthn:extension:minPinLength: true, webauthn:extension:prf: true, webauthn:virtualAuthenticators: true}
Session ID: 67442e752b435f185bb5c552ef4308c9
at java.base/jdk.internal.reflect.DirectConstructorHandleAccessor.newInstance(DirectConstructorHandleAccessor.java:62)
at java.base/java.lang.reflect.Constructor.newInstanceWithCaller(Constructor.java:502)
at java.base/java.lang.reflect.Constructor.newInstance(Constructor.java:486)
at org.openqa.selenium.remote.ErrorCodec.decode(ErrorCodec.java:167)
at org.openqa.selenium.remote.codec.w3c.W3CHttpResponseCodec.decode(W3CHttpResponseCodec.java:138)
at org.openqa.selenium.remote.codec.w3c.W3CHttpResponseCodec.decode(W3CHttpResponseCodec.java:50)
at org.openqa.selenium.remote.HttpCommandExecutor.execute(HttpCommandExecutor.java:190)
at org.openqa.selenium.remote.service.DriverCommandExecutor.invokeExecute(DriverCommandExecutor.java:216)
at org.openqa.selenium.remote.service.DriverCommandExecutor.execute(DriverCommandExecutor.java:174)
at org.openqa.selenium.remote.RemoteWebDriver.execute(RemoteWebDriver.java:518)
at org.openqa.selenium.remote.ElementLocation$ElementFinder$2.findElement(ElementLocation.java:165)
at org.openqa.selenium.remote.ElementLocation.findElement(ElementLocation.java:59)
at org.openqa.selenium.remote.RemoteWebDriver.findElement(RemoteWebDriver.java:355)
at org.openqa.selenium.remote.RemoteWebDriver.findElement(RemoteWebDriver.java:349)
at stepdefinitions.LLPASteps.selectDropdownByIdAndText(LLPASteps.java:209)
at stepdefinitions.LLPASteps.i_select_income_doc_type(LLPASteps.java:157)
at ✽.I select the Income Doc Type "CPA P&L w/ BS"(file:///C:/Users/SJI-GOA-18/Documents/Automation/QuickPricerBDD/src/test/java/features/LLPAAdjustments.feature:180)
]]>
            </full-stacktrace>
          </exception> <!-- org.openqa.selenium.NoSuchElementException -->
          <reporter-output>
          </reporter-output>
        </test-method> <!-- runScenario -->
        <test-method signature="runScenario(io.cucumber.testng.PickleWrapper,io.cucumber.testng.FeatureWrapper)[pri:0, instance:testrunners.TestRunner@3f197a46]" started-at="2025-11-28T20:14:09 IST" name="runScenario" description="Runs Cucumber Scenarios" data-provider="scenarios" finished-at="2025-11-28T20:14:19 IST" duration-ms="10172" status="PASS">
          <params>
            <param index="0">
              <value>
                <![CDATA["Verify LLPA adjustment for Doc Type and LTV (NON-QM Expanded Doc)"]]>
              </value>
            </param>
            <param index="1">
              <value>
                <![CDATA["FICO/LTV Loan Level Price Adjustments (LLPA) : NON-QM Expanded Doc"]]>
              </value>
            </param>
          </params>
          <reporter-output>
          </reporter-output>
        </test-method> <!-- runScenario -->
        <test-method signature="runScenario(io.cucumber.testng.PickleWrapper,io.cucumber.testng.FeatureWrapper)[pri:0, instance:testrunners.TestRunner@3f197a46]" started-at="2025-11-28T20:14:19 IST" name="runScenario" description="Runs Cucumber Scenarios" data-provider="scenarios" finished-at="2025-11-28T20:14:29 IST" duration-ms="9916" status="PASS">
          <params>
            <param index="0">
              <value>
                <![CDATA["Verify LLPA adjustment for Doc Type and LTV (NON-QM Expanded Doc)"]]>
              </value>
            </param>
            <param index="1">
              <value>
                <![CDATA["FICO/LTV Loan Level Price Adjustments (LLPA) : NON-QM Expanded Doc"]]>
              </value>
            </param>
          </params>
          <reporter-output>
          </reporter-output>
        </test-method> <!-- runScenario -->
        <test-method signature="runScenario(io.cucumber.testng.PickleWrapper,io.cucumber.testng.FeatureWrapper)[pri:0, instance:testrunners.TestRunner@3f197a46]" started-at="2025-11-28T20:14:29 IST" name="runScenario" description="Runs Cucumber Scenarios" data-provider="scenarios" finished-at="2025-11-28T20:14:39 IST" duration-ms="10463" status="PASS">
          <params>
            <param index="0">
              <value>
                <![CDATA["Verify LLPA adjustment for Doc Type and LTV (NON-QM Expanded Doc)"]]>
              </value>
            </param>
            <param index="1">
              <value>
                <![CDATA["FICO/LTV Loan Level Price Adjustments (LLPA) : NON-QM Expanded Doc"]]>
              </value>
            </param>
          </params>
          <reporter-output>
          </reporter-output>
        </test-method> <!-- runScenario -->
        <test-method signature="runScenario(io.cucumber.testng.PickleWrapper,io.cucumber.testng.FeatureWrapper)[pri:0, instance:testrunners.TestRunner@3f197a46]" started-at="2025-11-28T20:14:39 IST" name="runScenario" description="Runs Cucumber Scenarios" data-provider="scenarios" finished-at="2025-11-28T20:14:50 IST" duration-ms="10447" status="PASS">
          <params>
            <param index="0">
              <value>
                <![CDATA["Verify LLPA adjustment for Doc Type and LTV (NON-QM Expanded Doc)"]]>
              </value>
            </param>
            <param index="1">
              <value>
                <![CDATA["FICO/LTV Loan Level Price Adjustments (LLPA) : NON-QM Expanded Doc"]]>
              </value>
            </param>
          </params>
          <reporter-output>
          </reporter-output>
        </test-method> <!-- runScenario -->
        <test-method signature="runScenario(io.cucumber.testng.PickleWrapper,io.cucumber.testng.FeatureWrapper)[pri:0, instance:testrunners.TestRunner@3f197a46]" started-at="2025-11-28T20:14:50 IST" name="runScenario" description="Runs Cucumber Scenarios" data-provider="scenarios" finished-at="2025-11-28T20:14:59 IST" duration-ms="9679" status="PASS">
          <params>
            <param index="0">
              <value>
                <![CDATA["Verify LLPA adjustment for Doc Type and LTV (NON-QM Expanded Doc)"]]>
              </value>
            </param>
            <param index="1">
              <value>
                <![CDATA["FICO/LTV Loan Level Price Adjustments (LLPA) : NON-QM Expanded Doc"]]>
              </value>
            </param>
          </params>
          <reporter-output>
          </reporter-output>
        </test-method> <!-- runScenario -->
        <test-method signature="runScenario(io.cucumber.testng.PickleWrapper,io.cucumber.testng.FeatureWrapper)[pri:0, instance:testrunners.TestRunner@3f197a46]" started-at="2025-11-28T20:14:59 IST" name="runScenario" description="Runs Cucumber Scenarios" data-provider="scenarios" finished-at="2025-11-28T20:15:10 IST" duration-ms="10754" status="PASS">
          <params>
            <param index="0">
              <value>
                <![CDATA["Verify LLPA adjustment for Doc Type and LTV (NON-QM Expanded Doc)"]]>
              </value>
            </param>
            <param index="1">
              <value>
                <![CDATA["FICO/LTV Loan Level Price Adjustments (LLPA) : NON-QM Expanded Doc"]]>
              </value>
            </param>
          </params>
          <reporter-output>
          </reporter-output>
        </test-method> <!-- runScenario -->
        <test-method signature="runScenario(io.cucumber.testng.PickleWrapper,io.cucumber.testng.FeatureWrapper)[pri:0, instance:testrunners.TestRunner@3f197a46]" started-at="2025-11-28T20:15:10 IST" name="runScenario" description="Runs Cucumber Scenarios" data-provider="scenarios" finished-at="2025-11-28T20:15:20 IST" duration-ms="10209" status="PASS">
          <params>
            <param index="0">
              <value>
                <![CDATA["Verify LLPA adjustment for Doc Type and LTV (NON-QM Expanded Doc)"]]>
              </value>
            </param>
            <param index="1">
              <value>
                <![CDATA["FICO/LTV Loan Level Price Adjustments (LLPA) : NON-QM Expanded Doc"]]>
              </value>
            </param>
          </params>
          <reporter-output>
          </reporter-output>
        </test-method> <!-- runScenario -->
        <test-method signature="runScenario(io.cucumber.testng.PickleWrapper,io.cucumber.testng.FeatureWrapper)[pri:0, instance:testrunners.TestRunner@3f197a46]" started-at="2025-11-28T20:15:20 IST" name="runScenario" description="Runs Cucumber Scenarios" data-provider="scenarios" finished-at="2025-11-28T20:15:30 IST" duration-ms="10094" status="PASS">
          <params>
            <param index="0">
              <value>
                <![CDATA["Verify LLPA adjustment for Doc Type and LTV (NON-QM Expanded Doc)"]]>
              </value>
            </param>
            <param index="1">
              <value>
                <![CDATA["FICO/LTV Loan Level Price Adjustments (LLPA) : NON-QM Expanded Doc"]]>
              </value>
            </param>
          </params>
          <reporter-output>
          </reporter-output>
        </test-method> <!-- runScenario -->
        <test-method signature="runScenario(io.cucumber.testng.PickleWrapper,io.cucumber.testng.FeatureWrapper)[pri:0, instance:testrunners.TestRunner@3f197a46]" started-at="2025-11-28T20:15:30 IST" name="runScenario" description="Runs Cucumber Scenarios" data-provider="scenarios" finished-at="2025-11-28T20:15:40 IST" duration-ms="9693" status="PASS">
          <params>
            <param index="0">
              <value>
                <![CDATA["Verify LLPA adjustment for Doc Type and LTV (NON-QM Expanded Doc)"]]>
              </value>
            </param>
            <param index="1">
              <value>
                <![CDATA["FICO/LTV Loan Level Price Adjustments (LLPA) : NON-QM Expanded Doc"]]>
              </value>
            </param>
          </params>
          <reporter-output>
          </reporter-output>
        </test-method> <!-- runScenario -->
        <test-method signature="runScenario(io.cucumber.testng.PickleWrapper,io.cucumber.testng.FeatureWrapper)[pri:0, instance:testrunners.TestRunner@3f197a46]" started-at="2025-11-28T20:15:40 IST" name="runScenario" description="Runs Cucumber Scenarios" data-provider="scenarios" finished-at="2025-11-28T20:15:50 IST" duration-ms="10285" status="PASS">
          <params>
            <param index="0">
              <value>
                <![CDATA["Verify LLPA adjustment for Doc Type and LTV (NON-QM Expanded Doc)"]]>
              </value>
            </param>
            <param index="1">
              <value>
                <![CDATA["FICO/LTV Loan Level Price Adjustments (LLPA) : NON-QM Expanded Doc"]]>
              </value>
            </param>
          </params>
          <reporter-output>
          </reporter-output>
        </test-method> <!-- runScenario -->
        <test-method signature="runScenario(io.cucumber.testng.PickleWrapper,io.cucumber.testng.FeatureWrapper)[pri:0, instance:testrunners.TestRunner@3f197a46]" started-at="2025-11-28T20:15:50 IST" name="runScenario" description="Runs Cucumber Scenarios" data-provider="scenarios" finished-at="2025-11-28T20:16:00 IST" duration-ms="9706" status="PASS">
          <params>
            <param index="0">
              <value>
                <![CDATA["Verify LLPA adjustment for Doc Type and LTV (NON-QM Expanded Doc)"]]>
              </value>
            </param>
            <param index="1">
              <value>
                <![CDATA["FICO/LTV Loan Level Price Adjustments (LLPA) : NON-QM Expanded Doc"]]>
              </value>
            </param>
          </params>
          <reporter-output>
          </reporter-output>
        </test-method> <!-- runScenario -->
        <test-method signature="runScenario(io.cucumber.testng.PickleWrapper,io.cucumber.testng.FeatureWrapper)[pri:0, instance:testrunners.TestRunner@3f197a46]" started-at="2025-11-28T20:16:00 IST" name="runScenario" description="Runs Cucumber Scenarios" data-provider="scenarios" finished-at="2025-11-28T20:16:10 IST" duration-ms="10436" status="PASS">
          <params>
            <param index="0">
              <value>
                <![CDATA["Verify LLPA adjustment for Doc Type and LTV (NON-QM Expanded Doc)"]]>
              </value>
            </param>
            <param index="1">
              <value>
                <![CDATA["FICO/LTV Loan Level Price Adjustments (LLPA) : NON-QM Expanded Doc"]]>
              </value>
            </param>
          </params>
          <reporter-output>
          </reporter-output>
        </test-method> <!-- runScenario -->
        <test-method signature="runScenario(io.cucumber.testng.PickleWrapper,io.cucumber.testng.FeatureWrapper)[pri:0, instance:testrunners.TestRunner@3f197a46]" started-at="2025-11-28T20:16:10 IST" name="runScenario" description="Runs Cucumber Scenarios" data-provider="scenarios" finished-at="2025-11-28T20:16:21 IST" duration-ms="10249" status="PASS">
          <params>
            <param index="0">
              <value>
                <![CDATA["Verify LLPA adjustment for Doc Type and LTV (NON-QM Expanded Doc)"]]>
              </value>
            </param>
            <param index="1">
              <value>
                <![CDATA["FICO/LTV Loan Level Price Adjustments (LLPA) : NON-QM Expanded Doc"]]>
              </value>
            </param>
          </params>
          <reporter-output>
          </reporter-output>
        </test-method> <!-- runScenario -->
        <test-method signature="runScenario(io.cucumber.testng.PickleWrapper,io.cucumber.testng.FeatureWrapper)[pri:0, instance:testrunners.TestRunner@3f197a46]" started-at="2025-11-28T20:16:21 IST" name="runScenario" description="Runs Cucumber Scenarios" data-provider="scenarios" finished-at="2025-11-28T20:16:31 IST" duration-ms="9996" status="PASS">
          <params>
            <param index="0">
              <value>
                <![CDATA["Verify LLPA adjustment for Doc Type and LTV (NON-QM Expanded Doc)"]]>
              </value>
            </param>
            <param index="1">
              <value>
                <![CDATA["FICO/LTV Loan Level Price Adjustments (LLPA) : NON-QM Expanded Doc"]]>
              </value>
            </param>
          </params>
          <reporter-output>
          </reporter-output>
        </test-method> <!-- runScenario -->
        <test-method signature="runScenario(io.cucumber.testng.PickleWrapper,io.cucumber.testng.FeatureWrapper)[pri:0, instance:testrunners.TestRunner@3f197a46]" started-at="2025-11-28T20:16:31 IST" name="runScenario" description="Runs Cucumber Scenarios" data-provider="scenarios" finished-at="2025-11-28T20:16:41 IST" duration-ms="10263" status="PASS">
          <params>
            <param index="0">
              <value>
                <![CDATA["Verify LLPA adjustment for Doc Type and LTV (NON-QM Expanded Doc)"]]>
              </value>
            </param>
            <param index="1">
              <value>
                <![CDATA["FICO/LTV Loan Level Price Adjustments (LLPA) : NON-QM Expanded Doc"]]>
              </value>
            </param>
          </params>
          <reporter-output>
          </reporter-output>
        </test-method> <!-- runScenario -->
        <test-method signature="runScenario(io.cucumber.testng.PickleWrapper,io.cucumber.testng.FeatureWrapper)[pri:0, instance:testrunners.TestRunner@3f197a46]" started-at="2025-11-28T20:16:41 IST" name="runScenario" description="Runs Cucumber Scenarios" data-provider="scenarios" finished-at="2025-11-28T20:16:52 IST" duration-ms="10756" status="PASS">
          <params>
            <param index="0">
              <value>
                <![CDATA["Verify LLPA adjustment for Doc Type and LTV (NON-QM Expanded Doc)"]]>
              </value>
            </param>
            <param index="1">
              <value>
                <![CDATA["FICO/LTV Loan Level Price Adjustments (LLPA) : NON-QM Expanded Doc"]]>
              </value>
            </param>
          </params>
          <reporter-output>
          </reporter-output>
        </test-method> <!-- runScenario -->
        <test-method signature="runScenario(io.cucumber.testng.PickleWrapper,io.cucumber.testng.FeatureWrapper)[pri:0, instance:testrunners.TestRunner@3f197a46]" started-at="2025-11-28T20:16:52 IST" name="runScenario" description="Runs Cucumber Scenarios" data-provider="scenarios" finished-at="2025-11-28T20:17:02 IST" duration-ms="9855" status="PASS">
          <params>
            <param index="0">
              <value>
                <![CDATA["Verify LLPA adjustment for Doc Type and LTV (NON-QM Expanded Doc)"]]>
              </value>
            </param>
            <param index="1">
              <value>
                <![CDATA["FICO/LTV Loan Level Price Adjustments (LLPA) : NON-QM Expanded Doc"]]>
              </value>
            </param>
          </params>
          <reporter-output>
          </reporter-output>
        </test-method> <!-- runScenario -->
        <test-method signature="runScenario(io.cucumber.testng.PickleWrapper,io.cucumber.testng.FeatureWrapper)[pri:0, instance:testrunners.TestRunner@3f197a46]" started-at="2025-11-28T20:17:02 IST" name="runScenario" description="Runs Cucumber Scenarios" data-provider="scenarios" finished-at="2025-11-28T20:17:12 IST" duration-ms="10081" status="PASS">
          <params>
            <param index="0">
              <value>
                <![CDATA["Verify LLPA adjustment for Doc Type and LTV (NON-QM Expanded Doc)"]]>
              </value>
            </param>
            <param index="1">
              <value>
                <![CDATA["FICO/LTV Loan Level Price Adjustments (LLPA) : NON-QM Expanded Doc"]]>
              </value>
            </param>
          </params>
          <reporter-output>
          </reporter-output>
        </test-method> <!-- runScenario -->
        <test-method signature="runScenario(io.cucumber.testng.PickleWrapper,io.cucumber.testng.FeatureWrapper)[pri:0, instance:testrunners.TestRunner@3f197a46]" started-at="2025-11-28T20:17:12 IST" name="runScenario" description="Runs Cucumber Scenarios" data-provider="scenarios" finished-at="2025-11-28T20:17:22 IST" duration-ms="10215" status="PASS">
          <params>
            <param index="0">
              <value>
                <![CDATA["Verify LLPA adjustment for Doc Type and LTV (NON-QM Expanded Doc)"]]>
              </value>
            </param>
            <param index="1">
              <value>
                <![CDATA["FICO/LTV Loan Level Price Adjustments (LLPA) : NON-QM Expanded Doc"]]>
              </value>
            </param>
          </params>
          <reporter-output>
          </reporter-output>
        </test-method> <!-- runScenario -->
        <test-method signature="runScenario(io.cucumber.testng.PickleWrapper,io.cucumber.testng.FeatureWrapper)[pri:0, instance:testrunners.TestRunner@3f197a46]" started-at="2025-11-28T20:17:22 IST" name="runScenario" description="Runs Cucumber Scenarios" data-provider="scenarios" finished-at="2025-11-28T20:17:31 IST" duration-ms="9641" status="PASS">
          <params>
            <param index="0">
              <value>
                <![CDATA["Verify LLPA adjustment for Doc Type and LTV (NON-QM Expanded Doc)"]]>
              </value>
            </param>
            <param index="1">
              <value>
                <![CDATA["FICO/LTV Loan Level Price Adjustments (LLPA) : NON-QM Expanded Doc"]]>
              </value>
            </param>
          </params>
          <reporter-output>
          </reporter-output>
        </test-method> <!-- runScenario -->
        <test-method signature="runScenario(io.cucumber.testng.PickleWrapper,io.cucumber.testng.FeatureWrapper)[pri:0, instance:testrunners.TestRunner@3f197a46]" started-at="2025-11-28T20:17:31 IST" name="runScenario" description="Runs Cucumber Scenarios" data-provider="scenarios" finished-at="2025-11-28T20:17:42 IST" duration-ms="10269" status="PASS">
          <params>
            <param index="0">
              <value>
                <![CDATA["Verify LLPA adjustment for Doc Type and LTV (NON-QM Expanded Doc)"]]>
              </value>
            </param>
            <param index="1">
              <value>
                <![CDATA["FICO/LTV Loan Level Price Adjustments (LLPA) : NON-QM Expanded Doc"]]>
              </value>
            </param>
          </params>
          <reporter-output>
          </reporter-output>
        </test-method> <!-- runScenario -->
        <test-method signature="runScenario(io.cucumber.testng.PickleWrapper,io.cucumber.testng.FeatureWrapper)[pri:0, instance:testrunners.TestRunner@3f197a46]" started-at="2025-11-28T20:17:42 IST" name="runScenario" description="Runs Cucumber Scenarios" data-provider="scenarios" finished-at="2025-11-28T20:17:52 IST" duration-ms="10177" status="PASS">
          <params>
            <param index="0">
              <value>
                <![CDATA["Verify LLPA adjustment for Doc Type and LTV (NON-QM Expanded Doc)"]]>
              </value>
            </param>
            <param index="1">
              <value>
                <![CDATA["FICO/LTV Loan Level Price Adjustments (LLPA) : NON-QM Expanded Doc"]]>
              </value>
            </param>
          </params>
          <reporter-output>
          </reporter-output>
        </test-method> <!-- runScenario -->
        <test-method is-config="true" signature="tearDownClass()[pri:0, instance:testrunners.TestRunner@3f197a46]" started-at="2025-11-28T20:17:52 IST" name="tearDownClass" finished-at="2025-11-28T20:17:52 IST" duration-ms="47" status="PASS">
          <reporter-output>
          </reporter-output>
        </test-method> <!-- tearDownClass -->
      </class> <!-- testrunners.TestRunner -->
    </test> <!-- Surefire test -->
  </suite> <!-- Surefire suite -->
</testng-results>
