<?xml version="1.0" encoding="UTF-8"?>
<testsuite xmlns:xsi="http://www.w3.org/2001/XMLSchema-instance" xsi:noNamespaceSchemaLocation="https://maven.apache.org/surefire/maven-surefire-plugin/xsd/surefire-test-report-3.0.xsd" version="3.0" name="TestSuite" time="23.653" tests="1" errors="0" skipped="0" failures="0">
  <properties>
[...]
</properties>
  <testcase name="runScenario[&quot;Verify LLPA adjustment for DocType and LTV - NON-QM Expanded Doc&quot;, &quot;FICO/LTV Loan Level Price Adjustments (LLPA) : CES NOO - NON-QM Expanded Doc&quot;](1)" classname="testrunners.TestRunner" time="21.997">
    <system-out><![CDATA[
Scenario Outline: Verify LLPA adjustment for DocType and LTV - NON-QM Expanded Doc # src/test/java/features/LLPAAdjustment_NONQM_ExpandedDoc.feature:109
  Given I am on the Quick Pricer page                                              # stepdefinitions.QuickPricerSteps.i_am_on_the_quick_pricer_page()
  Then I wait for 3 seconds                                                        # stepdefinitions.LLPASteps.I_wait_for_seconds(java.lang.Integer)
  When I select the program "NON-QM Expanded Doc"                                  # stepdefinitions.QuickPricerSteps.i_select_the_program(java.lang.String)
  Then I wait for 5 seconds                                                        # stepdefinitions.LLPASteps.I_wait_for_seconds(java.lang.Integer)
[DEBUG] Dropdown id: incomeDocType, current value: 'CPA P&L w/ BS', required: '24 mo BS'
[DEBUG] Selecting option with text: '24 mo BS'
[DEBUG] Selected '24 mo BS' for dropdown id: incomeDocType
  Then I select the Income Doc Type "24 mo BS"                                     # stepdefinitions.LLPASteps.i_select_income_doc_type(java.lang.String)
  And I set LTV to "50"                                                            # stepdefinitions.LLPASteps.i_set_ltv_to(java.lang.String)
  Then I wait for 3 seconds                                                        # stepdefinitions.LLPASteps.I_wait_for_seconds(java.lang.Integer)
  Then the LLPA adjustment should have "24 mo BS" "" "0.250"                       # stepdefinitions.LLPASteps.the_llpa_adjustment_should_have(java.lang.String,java.lang.String,java.lang.String)
]]></system-out>
    <system-err><![CDATA[SLF4J: Failed to load class "org.slf4j.impl.StaticLoggerBinder".
SLF4J: Defaulting to no-operation (NOP) logger implementation
SLF4J: See http://www.slf4j.org/codes.html#StaticLoggerBinder for further details.
Dec 15, 2025 3:57:41 PM org.openqa.selenium.devtools.CdpVersionFinder findNearestMatch
WARNING: Unable to find CDP implementation matching 143
Dec 15, 2025 3:57:41 PM org.openqa.selenium.chromium.ChromiumDriver lambda$new$5
WARNING: Unable to find version of CDP to use for 143.0.7499.41. You may need to include a dependency on a specific version of the CDP using something similar to `org.seleniumhq.selenium:selenium-devtools-v86:4.19.1` where the version ("v86") matches the version of the chromium-based browser you're using and the version number of the artifact is the same as Selenium's.
]]></system-err>
  </testcase>
</testsuite>