<?xml version="1.0" encoding="UTF-8"?>
<!-- Generated by org.testng.reporters.JUnitReportReporter -->
<testsuite hostname="SJIGOA18" failures="1" tests="1" name="testrunners.TestRunner" time="7.751" errors="0" timestamp="2025-11-19T16:58:44 IST" skipped="0">
  <testcase classname="testrunners.TestRunner" name="runScenario" time="7.751">
    <failure message="Not all expected rate/price options are present in the dropdown expected [true] but found [false]" type="java.lang.AssertionError">
      <![CDATA[java.lang.AssertionError: Not all expected rate/price options are present in the dropdown expected [true] but found [false]
at org.testng.Assert.fail(Assert.java:111)
at org.testng.Assert.failNotEquals(Assert.java:1578)
at org.testng.Assert.assertTrue(Assert.java:57)
at stepdefinitions.QuickPricerSteps.the_respective_rate_and_price_options_should_be_displayed(QuickPricerSteps.java:111)
at ✽.the respective rate and price options should be displayed for "NON-QM Expanded Doc"(file:///C:/Users/SJI-GOA-18/Documents/Automation/QuickPricerBDD/src/test/java/features/QuickPricer.feature:8)
]]>
    </failure>
  </testcase> <!-- runScenario -->
</testsuite> <!-- testrunners.TestRunner -->
