<?xml version="1.0" encoding="UTF-8"?>
<!-- Generated by org.testng.reporters.JUnitReportReporter -->
<testsuite hostname="SJIGOA18" failures="0" tests="36" name="testrunners.TestRunner" time="370.142" errors="1" timestamp="2025-11-28T20:17:52 IST" skipped="0">
  <testcase classname="testrunners.TestRunner" name="runScenario" time="9.979"/>
  <testcase classname="testrunners.TestRunner" name="runScenario" time="8.874"/>
  <testcase classname="testrunners.TestRunner" name="runScenario" time="10.756"/>
  <testcase classname="testrunners.TestRunner" name="runScenario" time="8.980"/>
  <testcase classname="testrunners.TestRunner" name="runScenario" time="10.754"/>
  <testcase classname="testrunners.TestRunner" name="runScenario" time="10.049"/>
  <testcase classname="testrunners.TestRunner" name="runScenario" time="10.094"/>
  <testcase classname="testrunners.TestRunner" name="runScenario" time="11.305"/>
  <testcase classname="testrunners.TestRunner" name="runScenario" time="9.706"/>
  <testcase classname="testrunners.TestRunner" name="runScenario" time="9.641"/>
  <testcase classname="testrunners.TestRunner" name="runScenario" time="9.673"/>
  <testcase classname="testrunners.TestRunner" name="runScenario" time="9.693"/>
  <testcase classname="testrunners.TestRunner" name="runScenario" time="9.916"/>
  <testcase classname="testrunners.TestRunner" name="runScenario" time="16.973">
    <error message="no such element: Unable to locate element: {&quot;method&quot;:&quot;xpath&quot;,&quot;selector&quot;:&quot;//span[contains(text(), &#039;CPA P&amp;L w/ BS&#039;)]&quot;}
  (Session info: chrome=142.0.7444.176)
For documentation on this error, please visit: https://www.selenium.dev/documentation/webdriver/troubleshooting/errors#no-such-element-exception
Build info: version: &#039;4.19.1&#039;, revision: &#039;abe0ee07dc&#039;
System info: os.name: &#039;Windows 11&#039;, os.arch: &#039;amd64&#039;, os.version: &#039;10.0&#039;, java.version: &#039;21.0.8&#039;
Driver info: org.openqa.selenium.chrome.ChromeDriver
Command: [67442e752b435f185bb5c552ef4308c9, findElement {using=xpath, value=//span[contains(text(), &#039;CPA P&amp;L w/ BS&#039;)]}]
Capabilities {acceptInsecureCerts: false, browserName: chrome, browserVersion: 142.0.7444.176, chrome: {chromedriverVersion: 142.0.7444.175 (302067f14a4..., userDataDir: C:\Users\SJI-GO~1\AppData\L...}, fedcm:accounts: true, goog:chromeOptions: {debuggerAddress: localhost:60847}, goog:processID: 17216, networkConnectionEnabled: false, pageLoadStrategy: normal, platformName: windows, proxy: Proxy(), se:cdp: ws://localhost:60847/devtoo..., se:cdpVersion: 142.0.7444.176, setWindowRect: true, strictFileInteractability: false, timeouts: {implicit: 0, pageLoad: 300000, script: 30000}, unhandledPromptBehavior: dismiss and notify, webauthn:extension:credBlob: true, webauthn:extension:largeBlob: true, webauthn:extension:minPinLength: true, webauthn:extension:prf: true, webauthn:virtualAuthenticators: true}
Session ID: 67442e752b435f185bb5c552ef4308c9" type="org.openqa.selenium.NoSuchElementException">
      <![CDATA[org.openqa.selenium.NoSuchElementException: no such element: Unable to locate element: {"method":"xpath","selector":"//span[contains(text(), 'CPA P&L w/ BS')]"}
  (Session info: chrome=142.0.7444.176)
For documentation on this error, please visit: https://www.selenium.dev/documentation/webdriver/troubleshooting/errors#no-such-element-exception
Build info: version: '4.19.1', revision: 'abe0ee07dc'
System info: os.name: 'Windows 11', os.arch: 'amd64', os.version: '10.0', java.version: '21.0.8'
Driver info: org.openqa.selenium.chrome.ChromeDriver
Command: [67442e752b435f185bb5c552ef4308c9, findElement {using=xpath, value=//span[contains(text(), 'CPA P&L w/ BS')]}]
Capabilities {acceptInsecureCerts: false, browserName: chrome, browserVersion: 142.0.7444.176, chrome: {chromedriverVersion: 142.0.7444.175 (302067f14a4..., userDataDir: C:\Users\SJI-GO~1\AppData\L...}, fedcm:accounts: true, goog:chromeOptions: {debuggerAddress: localhost:60847}, goog:processID: 17216, networkConnectionEnabled: false, pageLoadStrategy: normal, platformName: windows, proxy: Proxy(), se:cdp: ws://localhost:60847/devtoo..., se:cdpVersion: 142.0.7444.176, setWindowRect: true, strictFileInteractability: false, timeouts: {implicit: 0, pageLoad: 300000, script: 30000}, unhandledPromptBehavior: dismiss and notify, webauthn:extension:credBlob: true, webauthn:extension:largeBlob: true, webauthn:extension:minPinLength: true, webauthn:extension:prf: true, webauthn:virtualAuthenticators: true}
Session ID: 67442e752b435f185bb5c552ef4308c9
at java.base/jdk.internal.reflect.DirectConstructorHandleAccessor.newInstance(DirectConstructorHandleAccessor.java:62)
at java.base/java.lang.reflect.Constructor.newInstanceWithCaller(Constructor.java:502)
at java.base/java.lang.reflect.Constructor.newInstance(Constructor.java:486)
at org.openqa.selenium.remote.ErrorCodec.decode(ErrorCodec.java:167)
at org.openqa.selenium.remote.codec.w3c.W3CHttpResponseCodec.decode(W3CHttpResponseCodec.java:138)
at org.openqa.selenium.remote.codec.w3c.W3CHttpResponseCodec.decode(W3CHttpResponseCodec.java:50)
at org.openqa.selenium.remote.HttpCommandExecutor.execute(HttpCommandExecutor.java:190)
at org.openqa.selenium.remote.service.DriverCommandExecutor.invokeExecute(DriverCommandExecutor.java:216)
at org.openqa.selenium.remote.service.DriverCommandExecutor.execute(DriverCommandExecutor.java:174)
at org.openqa.selenium.remote.RemoteWebDriver.execute(RemoteWebDriver.java:518)
at org.openqa.selenium.remote.ElementLocation$ElementFinder$2.findElement(ElementLocation.java:165)
at org.openqa.selenium.remote.ElementLocation.findElement(ElementLocation.java:59)
at org.openqa.selenium.remote.RemoteWebDriver.findElement(RemoteWebDriver.java:355)
at org.openqa.selenium.remote.RemoteWebDriver.findElement(RemoteWebDriver.java:349)
at stepdefinitions.LLPASteps.selectDropdownByIdAndText(LLPASteps.java:209)
at stepdefinitions.LLPASteps.i_select_income_doc_type(LLPASteps.java:157)
at âœ½.I select the Income Doc Type "CPA P&L w/ BS"(file:///C:/Users/SJI-GOA-18/Documents/Automation/QuickPricerBDD/src/test/java/features/LLPAAdjustments.feature:180)
]]>
    </error>
  </testcase> <!-- runScenario -->
  <testcase classname="testrunners.TestRunner" name="runScenario" time="10.384"/>
  <testcase classname="testrunners.TestRunner" name="runScenario" time="10.215"/>
  <testcase classname="testrunners.TestRunner" name="runScenario" time="10.209"/>
  <testcase classname="testrunners.TestRunner" name="runScenario" time="9.855"/>
  <testcase classname="testrunners.TestRunner" name="runScenario" time="9.996"/>
  <testcase classname="testrunners.TestRunner" name="runScenario" time="10.081"/>
  <testcase classname="testrunners.TestRunner" name="runScenario" time="10.436"/>
  <testcase classname="testrunners.TestRunner" name="runScenario" time="9.679"/>
  <testcase classname="testrunners.TestRunner" name="runScenario" time="10.172"/>
  <testcase classname="testrunners.TestRunner" name="runScenario" time="13.249"/>
  <testcase classname="testrunners.TestRunner" name="runScenario" time="10.285"/>
  <testcase classname="testrunners.TestRunner" name="runScenario" time="9.387"/>
  <testcase classname="testrunners.TestRunner" name="runScenario" time="10.263"/>
  <testcase classname="testrunners.TestRunner" name="runScenario" time="10.269"/>
  <testcase classname="testrunners.TestRunner" name="runScenario" time="10.834"/>
  <testcase classname="testrunners.TestRunner" name="runScenario" time="8.868"/>
  <testcase classname="testrunners.TestRunner" name="runScenario" time="10.177"/>
  <testcase classname="testrunners.TestRunner" name="runScenario" time="10.463"/>
  <testcase classname="testrunners.TestRunner" name="runScenario" time="10.447"/>
  <testcase classname="testrunners.TestRunner" name="runScenario" time="9.442"/>
  <testcase classname="testrunners.TestRunner" name="runScenario" time="10.249"/>
  <testcase classname="testrunners.TestRunner" name="runScenario" time="8.789"/>
</testsuite> <!-- testrunners.TestRunner -->
